#
# There is insufficient memory for the Java Runtime Environment to continue.
# Native memory allocation (malloc) failed to allocate 1488416 bytes for Chunk::new
# Possible reasons:
#   The system is out of physical RAM or swap space
#   The process is running with CompressedOops enabled, and the Java Heap may be blocking the growth of the native heap
# Possible solutions:
#   Reduce memory load on the system
#   Increase physical memory or swap space
#   Check if swap backing store is full
#   Decrease Java heap size (-Xmx/-Xms)
#   Decrease number of Java threads
#   Decrease Java thread stack sizes (-Xss)
#   Set larger code cache with -XX:ReservedCodeCacheSize=
#   JVM is running with Unscaled Compressed Oops mode in which the Java heap is
#     placed in the first 4GB address space. The Java Heap base address is the
#     maximum limit for the native heap growth. Please use -XX:HeapBaseMinAddress
#     to set the Java Heap base and to place the Java Heap above 4GB virtual address.
# This output file may be truncated or incomplete.
#
#  Out of Memory Error (allocation.cpp:389), pid=6708, tid=0x00000000000040d0
#
# JRE version: Java(TM) SE Runtime Environment (8.0_281-b09) (build 1.8.0_281-b09)
# Java VM: Java HotSpot(TM) 64-Bit Server VM (25.281-b09 mixed mode windows-amd64 compressed oops)
# Failed to write core dump. Minidumps are not enabled by default on client versions of Windows
#

---------------  T H R E A D  ---------------

Current thread (0x000002807e832800):  JavaThread "C2 CompilerThread1" daemon [_thread_in_native, id=16592, stack(0x000000aa71b00000,0x000000aa71c00000)]

Stack: [0x000000aa71b00000,0x000000aa71c00000]
Native frames: (J=compiled Java code, j=interpreted, Vv=VM code, C=native code)
V  [jvm.dll+0x32e5b9]
V  [jvm.dll+0x275012]
V  [jvm.dll+0x275cbd]
V  [jvm.dll+0x26c6f5]
V  [jvm.dll+0xd51fc]
V  [jvm.dll+0xd59fc]
V  [jvm.dll+0x4523f2]
V  [jvm.dll+0x48d85d]
V  [jvm.dll+0x4423f1]
V  [jvm.dll+0x43f664]
V  [jvm.dll+0x42a5e7]
V  [jvm.dll+0xabe9b]
V  [jvm.dll+0xaa4fb]
V  [jvm.dll+0x23d6b2]
V  [jvm.dll+0x291cbc]
C  [ucrtbase.dll+0x21bb2]
C  [KERNEL32.DLL+0x17034]
C  [ntdll.dll+0x52651]


Current CompileTask:
C2:9735546 19324       4       com.android.tools.r8.graph.E::a (95 bytes)


---------------  P R O C E S S  ---------------

Java Threads: ( => current thread )
  0x0000028017e7a800 JavaThread "ForkJoinPool-2-worker-3" daemon [_thread_blocked, id=18956, stack(0x000000aa7cd00000,0x000000aa7ce00000)]
  0x0000028017e79800 JavaThread "ForkJoinPool-2-worker-1" daemon [_thread_blocked, id=19308, stack(0x000000aa7cc00000,0x000000aa7cd00000)]
  0x0000028017e79000 JavaThread "ForkJoinPool-2-worker-12" daemon [_thread_in_Java, id=6452, stack(0x000000aa7cb00000,0x000000aa7cc00000)]
  0x0000028017e72000 JavaThread "ForkJoinPool-2-worker-10" daemon [_thread_blocked, id=12700, stack(0x000000aa7ca00000,0x000000aa7cb00000)]
  0x0000028017e78000 JavaThread "ForkJoinPool-2-worker-8" daemon [_thread_blocked, id=14844, stack(0x000000aa7c900000,0x000000aa7ca00000)]
  0x0000028017e73000 JavaThread "ForkJoinPool-2-worker-15" daemon [_thread_blocked, id=18156, stack(0x000000aa7c800000,0x000000aa7c900000)]
  0x0000028017e74800 JavaThread "ForkJoinPool-2-worker-6" daemon [_thread_blocked, id=17416, stack(0x000000aa7c700000,0x000000aa7c800000)]
  0x0000028017e75000 JavaThread "ForkJoinPool-2-worker-13" daemon [_thread_blocked, id=19080, stack(0x000000aa7c600000,0x000000aa7c700000)]
  0x0000028017e73800 JavaThread "ForkJoinPool-2-worker-4" daemon [_thread_blocked, id=18256, stack(0x000000aa7c500000,0x000000aa7c600000)]
  0x000002800fa3b800 JavaThread "ForkJoinPool-2-worker-11" daemon [_thread_blocked, id=10636, stack(0x000000aa7c400000,0x000000aa7c500000)]
  0x0000028012a5e000 JavaThread "ForkJoinPool-2-worker-2" daemon [_thread_blocked, id=9556, stack(0x000000aa7c300000,0x000000aa7c400000)]
  0x0000028017af6800 JavaThread "ForkJoinPool-2-worker-9" daemon [_thread_blocked, id=19096, stack(0x000000aa7c200000,0x000000aa7c300000)]
  0x0000028017af9800 JavaThread "WorkerExecutor Queue Thread 14" [_thread_blocked, id=18268, stack(0x000000aa7c100000,0x000000aa7c200000)]
  0x0000028017af8800 JavaThread "WorkerExecutor Queue Thread 13" [_thread_blocked, id=17700, stack(0x000000aa7c000000,0x000000aa7c100000)]
  0x0000028017afa000 JavaThread "WorkerExecutor Queue Thread 12" [_thread_blocked, id=18568, stack(0x000000aa7bf00000,0x000000aa7c000000)]
  0x0000028017af8000 JavaThread "WorkerExecutor Queue Thread 11" [_thread_blocked, id=14628, stack(0x000000aa7be00000,0x000000aa7bf00000)]
  0x0000028017af5800 JavaThread "Cache worker for Java compile cache (D:\Documents\GitHub\trabalhoDevMobile\.gradle\6.7.1\javaCompile)" [_thread_blocked, id=18880, stack(0x000000aa7b000000,0x000000aa7b100000)]
  0x0000028017aee000 JavaThread "stdout" [_thread_in_native, id=18536, stack(0x000000aa7bd00000,0x000000aa7be00000)]
  0x0000028017aef800 JavaThread "stderr" [_thread_in_native, id=11628, stack(0x000000aa7bc00000,0x000000aa7bd00000)]
  0x0000028017af3800 JavaThread "pool-13-thread-1" [_thread_blocked, id=9060, stack(0x000000aa7bb00000,0x000000aa7bc00000)]
  0x0000028017af2000 JavaThread "WorkerExecutor Queue Thread 10" [_thread_blocked, id=14272, stack(0x000000aa7ba00000,0x000000aa7bb00000)]
  0x0000028017af1000 JavaThread "WorkerExecutor Queue Thread 9" [_thread_blocked, id=17504, stack(0x000000aa7b900000,0x000000aa7ba00000)]
  0x0000028017af0800 JavaThread "WorkerExecutor Queue Thread 8" [_thread_blocked, id=16928, stack(0x000000aa7b800000,0x000000aa7b900000)]
  0x0000028017af5000 JavaThread "WorkerExecutor Queue Thread 7" [_thread_blocked, id=8572, stack(0x000000aa7b600000,0x000000aa7b700000)]
  0x0000028017af4000 JavaThread "WorkerExecutor Queue Thread 6" [_thread_blocked, id=17744, stack(0x000000aa7b500000,0x000000aa7b600000)]
  0x0000028017af2800 JavaThread "WorkerExecutor Queue Thread 5" [_thread_blocked, id=19040, stack(0x000000aa7b400000,0x000000aa7b500000)]
  0x0000028017aed000 JavaThread "WorkerExecutor Queue Thread 4" [_thread_blocked, id=18668, stack(0x000000aa7b300000,0x000000aa7b400000)]
  0x000002800fa3d000 JavaThread "WorkerExecutor Queue Thread 3" [_thread_blocked, id=18840, stack(0x000000aa7b200000,0x000000aa7b300000)]
  0x000002800fa39800 JavaThread "WorkerExecutor Queue Thread 2" [_thread_blocked, id=6416, stack(0x000000aa7b100000,0x000000aa7b200000)]
  0x000002800fa3f800 JavaThread "Cache worker for execution history cache (D:\Documents\GitHub\trabalhoDevMobile\.gradle\6.7.1\executionHistory)" [_thread_blocked, id=5708, stack(0x000000aa7af00000,0x000000aa7b000000)]
  0x000002800fa3e800 JavaThread "Execution worker for ':' Thread 11" [_thread_blocked, id=3632, stack(0x000000aa7ae00000,0x000000aa7af00000)]
  0x000002800fa3e000 JavaThread "Execution worker for ':' Thread 10" [_thread_blocked, id=16884, stack(0x000000aa7ad00000,0x000000aa7ae00000)]
  0x000002800fa40000 JavaThread "Execution worker for ':' Thread 9" [_thread_blocked, id=4516, stack(0x000000aa7ac00000,0x000000aa7ad00000)]
  0x000002800fa3a000 JavaThread "Execution worker for ':' Thread 8" [_thread_blocked, id=18764, stack(0x000000aa7ab00000,0x000000aa7ac00000)]
  0x000002800fa3c800 JavaThread "Execution worker for ':' Thread 7" [_thread_blocked, id=15632, stack(0x000000aa7aa00000,0x000000aa7ab00000)]
  0x000002800f3e7800 JavaThread "Execution worker for ':' Thread 6" [_thread_blocked, id=5260, stack(0x000000aa7a900000,0x000000aa7aa00000)]
  0x000002800f3e6000 JavaThread "Execution worker for ':' Thread 5" [_thread_blocked, id=15060, stack(0x000000aa7a800000,0x000000aa7a900000)]
  0x000002800f3e7000 JavaThread "Execution worker for ':' Thread 4" [_thread_blocked, id=17092, stack(0x000000aa7a700000,0x000000aa7a800000)]
  0x000002800f3ec800 JavaThread "Execution worker for ':' Thread 3" [_thread_blocked, id=16020, stack(0x000000aa7a600000,0x000000aa7a700000)]
  0x000002800f3ea000 JavaThread "Execution worker for ':' Thread 2" [_thread_blocked, id=4448, stack(0x000000aa7a500000,0x000000aa7a600000)]
  0x0000028012a60800 JavaThread "Execution worker for ':'" [_thread_blocked, id=6132, stack(0x000000aa7a400000,0x000000aa7a500000)]
  0x0000028012a5f800 JavaThread "build event listener" [_thread_blocked, id=2424, stack(0x000000aa7a200000,0x000000aa7a300000)]
  0x0000028012a5f000 JavaThread "build event listener" [_thread_blocked, id=17444, stack(0x000000aa7a100000,0x000000aa7a200000)]
  0x0000028012a62800 JavaThread "jar transforms Thread 291" [_thread_blocked, id=1288, stack(0x000000aa7a000000,0x000000aa7a100000)]
  0x0000028012a61000 JavaThread "jar transforms Thread 290" [_thread_blocked, id=168, stack(0x000000aa79f00000,0x000000aa7a000000)]
  0x000002800f607800 JavaThread "jar transforms Thread 289" [_thread_blocked, id=16792, stack(0x000000aa79e00000,0x000000aa79f00000)]
  0x000002800f60c000 JavaThread "jar transforms Thread 288" [_thread_blocked, id=4696, stack(0x000000aa79d00000,0x000000aa79e00000)]
  0x000002800f60a800 JavaThread "jar transforms Thread 287" [_thread_blocked, id=12844, stack(0x000000aa79c00000,0x000000aa79d00000)]
  0x000002800f606800 JavaThread "jar transforms Thread 286" [_thread_blocked, id=16756, stack(0x000000aa79b00000,0x000000aa79c00000)]
  0x000002800f60a000 JavaThread "jar transforms Thread 285" [_thread_blocked, id=19032, stack(0x000000aa79a00000,0x000000aa79b00000)]
  0x000002800f606000 JavaThread "jar transforms Thread 284" [_thread_blocked, id=388, stack(0x000000aa79900000,0x000000aa79a00000)]
  0x000002800f605000 JavaThread "jar transforms Thread 283" [_thread_blocked, id=14728, stack(0x000000aa79800000,0x000000aa79900000)]
  0x000002800f609000 JavaThread "jar transforms Thread 282" [_thread_blocked, id=18404, stack(0x000000aa79700000,0x000000aa79800000)]
  0x0000028011448000 JavaThread "jar transforms Thread 281" [_thread_blocked, id=10396, stack(0x000000aa79600000,0x000000aa79700000)]
  0x0000028011447800 JavaThread "jar transforms Thread 280" [_thread_blocked, id=15516, stack(0x000000aa79500000,0x000000aa79600000)]
  0x0000028011449800 JavaThread "jar transforms Thread 279" [_thread_blocked, id=17604, stack(0x000000aa79400000,0x000000aa79500000)]
  0x0000028011446000 JavaThread "jar transforms Thread 278" [_thread_blocked, id=10544, stack(0x000000aa79300000,0x000000aa79400000)]
  0x0000028011445000 JavaThread "jar transforms Thread 277" [_thread_blocked, id=17992, stack(0x000000aa79200000,0x000000aa79300000)]
  0x0000028011444800 JavaThread "jar transforms Thread 276" [_thread_blocked, id=7256, stack(0x000000aa79100000,0x000000aa79200000)]
  0x0000028011449000 JavaThread "jar transforms Thread 275" [_thread_blocked, id=6512, stack(0x000000aa79000000,0x000000aa79100000)]
  0x0000028011446800 JavaThread "jar transforms Thread 274" [_thread_blocked, id=17764, stack(0x000000aa78f00000,0x000000aa79000000)]
  0x000002801143e800 JavaThread "jar transforms Thread 273" [_thread_blocked, id=17488, stack(0x000000aa78e00000,0x000000aa78f00000)]
  0x000002801143d000 JavaThread "jar transforms Thread 272" [_thread_blocked, id=13056, stack(0x000000aa78d00000,0x000000aa78e00000)]
  0x0000028011443800 JavaThread "jar transforms Thread 271" [_thread_blocked, id=9804, stack(0x000000aa78c00000,0x000000aa78d00000)]
  0x0000028011443000 JavaThread "jar transforms Thread 270" [_thread_blocked, id=10648, stack(0x000000aa78b00000,0x000000aa78c00000)]
  0x0000028011442000 JavaThread "jar transforms Thread 269" [_thread_blocked, id=9304, stack(0x000000aa78a00000,0x000000aa78b00000)]
  0x000002801143a800 JavaThread "jar transforms Thread 268" [_thread_blocked, id=18100, stack(0x000000aa78900000,0x000000aa78a00000)]
  0x000002801143b800 JavaThread "jar transforms Thread 267" [_thread_blocked, id=16164, stack(0x000000aa78800000,0x000000aa78900000)]
  0x0000028011440800 JavaThread "jar transforms Thread 266" [_thread_blocked, id=17948, stack(0x000000aa78700000,0x000000aa78800000)]
  0x000002801143d800 JavaThread "jar transforms Thread 265" [_thread_blocked, id=19064, stack(0x000000aa78600000,0x000000aa78700000)]
  0x00000280104c8000 JavaThread "jar transforms Thread 264" [_thread_blocked, id=15680, stack(0x000000aa78500000,0x000000aa78600000)]
  0x00000280104c7800 JavaThread "jar transforms Thread 263" [_thread_blocked, id=18812, stack(0x000000aa78400000,0x000000aa78500000)]
  0x00000280104c3800 JavaThread "jar transforms Thread 262" [_thread_blocked, id=3844, stack(0x000000aa78300000,0x000000aa78400000)]
  0x00000280104c9000 JavaThread "jar transforms Thread 261" [_thread_blocked, id=16548, stack(0x000000aa78200000,0x000000aa78300000)]
  0x00000280104c6800 JavaThread "jar transforms Thread 260" [_thread_blocked, id=3100, stack(0x000000aa78100000,0x000000aa78200000)]
  0x00000280104c9800 JavaThread "jar transforms Thread 259" [_thread_blocked, id=14456, stack(0x000000aa78000000,0x000000aa78100000)]
  0x00000280104c6000 JavaThread "jar transforms Thread 258" [_thread_blocked, id=12332, stack(0x000000aa77f00000,0x000000aa78000000)]
  0x00000280104c4800 JavaThread "jar transforms Thread 257" [_thread_blocked, id=18368, stack(0x000000aa77e00000,0x000000aa77f00000)]
  0x00000280104c5000 JavaThread "jar transforms Thread 256" [_thread_blocked, id=16416, stack(0x000000aa77d00000,0x000000aa77e00000)]
  0x00000280104bc000 JavaThread "jar transforms Thread 255" [_thread_blocked, id=9404, stack(0x000000aa77c00000,0x000000aa77d00000)]
  0x00000280104c3000 JavaThread "jar transforms Thread 254" [_thread_blocked, id=8344, stack(0x000000aa77b00000,0x000000aa77c00000)]
  0x00000280104c0800 JavaThread "jar transforms Thread 253" [_thread_blocked, id=17712, stack(0x000000aa77a00000,0x000000aa77b00000)]
  0x00000280104c0000 JavaThread "jar transforms Thread 252" [_thread_blocked, id=13092, stack(0x000000aa77900000,0x000000aa77a00000)]
  0x00000280104bb800 JavaThread "jar transforms Thread 251" [_thread_blocked, id=18364, stack(0x000000aa77800000,0x000000aa77900000)]
  0x00000280104be800 JavaThread "jar transforms Thread 250" [_thread_blocked, id=9204, stack(0x000000aa77700000,0x000000aa77800000)]
  0x00000280104bd800 JavaThread "jar transforms Thread 249" [_thread_blocked, id=13264, stack(0x000000aa77600000,0x000000aa77700000)]
  0x00000280104bd000 JavaThread "jar transforms Thread 248" [_thread_blocked, id=11564, stack(0x000000aa77500000,0x000000aa77600000)]
  0x00000280104bf000 JavaThread "jar transforms Thread 247" [_thread_blocked, id=18608, stack(0x000000aa77400000,0x000000aa77500000)]
  0x0000028013e0a800 JavaThread "jar transforms Thread 246" [_thread_blocked, id=15604, stack(0x000000aa77300000,0x000000aa77400000)]
  0x0000028013e09000 JavaThread "jar transforms Thread 245" [_thread_blocked, id=2584, stack(0x000000aa77200000,0x000000aa77300000)]
  0x0000028013e07800 JavaThread "jar transforms Thread 244" [_thread_blocked, id=10452, stack(0x000000aa77100000,0x000000aa77200000)]
  0x0000028013e08000 JavaThread "jar transforms Thread 243" [_thread_blocked, id=10724, stack(0x000000aa77000000,0x000000aa77100000)]
  0x0000028013e09800 JavaThread "jar transforms Thread 242" [_thread_blocked, id=11436, stack(0x000000aa76f00000,0x000000aa77000000)]
  0x0000028013e06800 JavaThread "jar transforms Thread 241" [_thread_blocked, id=15956, stack(0x000000aa76e00000,0x000000aa76f00000)]
  0x0000028013e06000 JavaThread "jar transforms Thread 240" [_thread_blocked, id=18372, stack(0x000000aa76d00000,0x000000aa76e00000)]
  0x0000028013dfe800 JavaThread "jar transforms Thread 239" [_thread_blocked, id=10464, stack(0x000000aa76c00000,0x000000aa76d00000)]
  0x0000028013e05000 JavaThread "jar transforms Thread 238" [_thread_blocked, id=9616, stack(0x000000aa76b00000,0x000000aa76c00000)]
  0x0000028013dfd000 JavaThread "jar transforms Thread 237" [_thread_blocked, id=272, stack(0x000000aa76a00000,0x000000aa76b00000)]
  0x0000028013e03000 JavaThread "jar transforms Thread 236" [_thread_blocked, id=7908, stack(0x000000aa76900000,0x000000aa76a00000)]
  0x0000028013dfb800 JavaThread "jar transforms Thread 235" [_thread_blocked, id=18212, stack(0x000000aa76800000,0x000000aa76900000)]
  0x0000028013dff000 JavaThread "jar transforms Thread 234" [_thread_blocked, id=14924, stack(0x000000aa76700000,0x000000aa76800000)]
  0x0000028013dfc000 JavaThread "jar transforms Thread 233" [_thread_blocked, id=18004, stack(0x000000aa76600000,0x000000aa76700000)]
  0x0000028013e00000 JavaThread "jar transforms Thread 232" [_thread_blocked, id=14680, stack(0x000000aa76500000,0x000000aa76600000)]
  0x0000028013e02000 JavaThread "jar transforms Thread 231" [_thread_blocked, id=14168, stack(0x000000aa76400000,0x000000aa76500000)]
  0x0000028013e01800 JavaThread "jar transforms Thread 230" [_thread_blocked, id=8028, stack(0x000000aa76300000,0x000000aa76400000)]
  0x0000028013e00800 JavaThread "jar transforms Thread 229" [_thread_blocked, id=15868, stack(0x000000aa76200000,0x000000aa76300000)]
  0x0000028013795800 JavaThread "jar transforms Thread 228" [_thread_blocked, id=8516, stack(0x000000aa76100000,0x000000aa76200000)]
  0x0000028013797000 JavaThread "jar transforms Thread 227" [_thread_blocked, id=18376, stack(0x000000aa76000000,0x000000aa76100000)]
  0x0000028013796800 JavaThread "jar transforms Thread 226" [_thread_blocked, id=17780, stack(0x000000aa75f00000,0x000000aa76000000)]
  0x0000028013795000 JavaThread "jar transforms Thread 225" [_thread_blocked, id=15116, stack(0x000000aa75e00000,0x000000aa75f00000)]
  0x0000028013794000 JavaThread "jar transforms Thread 224" [_thread_blocked, id=5644, stack(0x000000aa75d00000,0x000000aa75e00000)]
  0x0000028013791000 JavaThread "jar transforms Thread 223" [_thread_blocked, id=17748, stack(0x000000aa75c00000,0x000000aa75d00000)]
  0x0000028013792800 JavaThread "jar transforms Thread 222" [_thread_blocked, id=19072, stack(0x000000aa75b00000,0x000000aa75c00000)]
  0x0000028013791800 JavaThread "jar transforms Thread 221" [_thread_blocked, id=11608, stack(0x000000aa75a00000,0x000000aa75b00000)]
  0x0000028013789800 JavaThread "jar transforms Thread 220" [_thread_blocked, id=10476, stack(0x000000aa75900000,0x000000aa75a00000)]
  0x0000028013790000 JavaThread "jar transforms Thread 219" [_thread_blocked, id=3464, stack(0x000000aa75800000,0x000000aa75900000)]
  0x0000028013788800 JavaThread "jar transforms Thread 218" [_thread_blocked, id=13128, stack(0x000000aa75700000,0x000000aa75800000)]
  0x000002801378b800 JavaThread "jar transforms Thread 217" [_thread_blocked, id=7676, stack(0x000000aa75600000,0x000000aa75700000)]
  0x000002801378e800 JavaThread "jar transforms Thread 216" [_thread_blocked, id=13112, stack(0x000000aa75500000,0x000000aa75600000)]
  0x000002801378e000 JavaThread "jar transforms Thread 215" [_thread_blocked, id=3560, stack(0x000000aa75400000,0x000000aa75500000)]
  0x000002801378d000 JavaThread "jar transforms Thread 214" [_thread_blocked, id=11336, stack(0x000000aa75300000,0x000000aa75400000)]
  0x000002801378b000 JavaThread "jar transforms Thread 213" [_thread_blocked, id=16288, stack(0x000000aa75200000,0x000000aa75300000)]
  0x000002801378c800 JavaThread "jar transforms Thread 212" [_thread_blocked, id=17968, stack(0x000000aa75100000,0x000000aa75200000)]
  0x000002801378f800 JavaThread "jar transforms Thread 211" [_thread_blocked, id=1844, stack(0x000000aa75000000,0x000000aa75100000)]
  0x000002801378a000 JavaThread "jar transforms Thread 210" [_thread_blocked, id=18304, stack(0x000000aa74f00000,0x000000aa75000000)]
  0x000002801b969000 JavaThread "jar transforms Thread 209" [_thread_blocked, id=5580, stack(0x000000aa74e00000,0x000000aa74f00000)]
  0x000002801b961800 JavaThread "jar transforms Thread 208" [_thread_blocked, id=12808, stack(0x000000aa74d00000,0x000000aa74e00000)]
  0x000002801b967000 JavaThread "jar transforms Thread 207" [_thread_blocked, id=17800, stack(0x000000aa74c00000,0x000000aa74d00000)]
  0x000002801b966000 JavaThread "jar transforms Thread 206" [_thread_blocked, id=7644, stack(0x000000aa74b00000,0x000000aa74c00000)]
  0x000002801b965800 JavaThread "jar transforms Thread 205" [_thread_blocked, id=14584, stack(0x000000aa74a00000,0x000000aa74b00000)]
  0x000002801b968800 JavaThread "jar transforms Thread 204" [_thread_blocked, id=18092, stack(0x000000aa74900000,0x000000aa74a00000)]
  0x000002801b964800 JavaThread "jar transforms Thread 203" [_thread_blocked, id=9788, stack(0x000000aa74800000,0x000000aa74900000)]
  0x000002801b961000 JavaThread "jar transforms Thread 202" [_thread_blocked, id=18332, stack(0x000000aa74700000,0x000000aa74800000)]
  0x000002801b964000 JavaThread "jar transforms Thread 201" [_thread_blocked, id=18352, stack(0x000000aa74600000,0x000000aa74700000)]
  0x000002801b967800 JavaThread "jar transforms Thread 200" [_thread_blocked, id=11452, stack(0x000000aa74500000,0x000000aa74600000)]
  0x000002801b963000 JavaThread "jar transforms Thread 199" [_thread_blocked, id=2616, stack(0x000000aa74400000,0x000000aa74500000)]
  0x000002801b962800 JavaThread "jar transforms Thread 198" [_thread_blocked, id=18316, stack(0x000000aa74300000,0x000000aa74400000)]
  0x000002801b959800 JavaThread "jar transforms Thread 197" [_thread_blocked, id=32, stack(0x000000aa74200000,0x000000aa74300000)]
  0x000002801b960000 JavaThread "jar transforms Thread 196" [_thread_blocked, id=19112, stack(0x000000aa74100000,0x000000aa74200000)]
  0x000002801b95f800 JavaThread "jar transforms Thread 195" [_thread_blocked, id=18340, stack(0x000000aa74000000,0x000000aa74100000)]
  0x000002801b95e800 JavaThread "Build operations Thread 12" [_thread_blocked, id=13248, stack(0x000000aa73f00000,0x000000aa74000000)]
  0x000002801b95e000 JavaThread "Build operations Thread 11" [_thread_blocked, id=12420, stack(0x000000aa73e00000,0x000000aa73f00000)]
  0x000002801b956800 JavaThread "Build operations Thread 10" [_thread_blocked, id=18660, stack(0x000000aa73d00000,0x000000aa73e00000)]
  0x000002801b958000 JavaThread "Build operations Thread 9" [_thread_blocked, id=18728, stack(0x000000aa73c00000,0x000000aa73d00000)]
  0x000002801b95d000 JavaThread "Build operations Thread 8" [_thread_blocked, id=15204, stack(0x000000aa73b00000,0x000000aa73c00000)]
  0x000002801b957000 JavaThread "Build operations Thread 7" [_thread_blocked, id=17540, stack(0x000000aa73a00000,0x000000aa73b00000)]
  0x000002801b95c800 JavaThread "Build operations Thread 6" [_thread_blocked, id=18544, stack(0x000000aa73900000,0x000000aa73a00000)]
  0x000002801b955800 JavaThread "Build operations Thread 5" [_thread_blocked, id=3096, stack(0x000000aa73800000,0x000000aa73900000)]
  0x000002801b955000 JavaThread "Build operations Thread 4" [_thread_blocked, id=9932, stack(0x000000aa73700000,0x000000aa73800000)]
  0x000002801b95b800 JavaThread "Build operations Thread 3" [_thread_blocked, id=1804, stack(0x000000aa73600000,0x000000aa73700000)]
  0x000002801b95a000 JavaThread "Build operations Thread 2" [_thread_blocked, id=12928, stack(0x000000aa73400000,0x000000aa73500000)]
  0x000002801b958800 JavaThread "Build operations" [_thread_blocked, id=16148, stack(0x000000aa73200000,0x000000aa73300000)]
  0x000002801b954000 JavaThread "Cache worker for Build Output Cleanup Cache (D:\Documents\GitHub\trabalhoDevMobile\.gradle\buildOutputCleanup)" [_thread_blocked, id=18232, stack(0x000000aa73100000,0x000000aa73200000)]
  0x000002801b95b000 JavaThread "Cache worker for cache directory md-rule (C:\Users\Lex\.gradle\caches\6.7.1\md-rule)" [_thread_blocked, id=9448, stack(0x000000aa73000000,0x000000aa73100000)]
  0x000002801b94c800 JavaThread "Cache worker for cache directory md-supplier (C:\Users\Lex\.gradle\caches\6.7.1\md-supplier)" [_thread_blocked, id=11900, stack(0x000000aa72f00000,0x000000aa73000000)]
  0x000002801b953800 JavaThread "Cache worker for checksums cache (D:\Documents\GitHub\trabalhoDevMobile\.gradle\checksums)" [_thread_blocked, id=13700, stack(0x000000aa72b00000,0x000000aa72c00000)]
  0x000002801b94f000 JavaThread "Cache worker for file hash cache (D:\Documents\GitHub\trabalhoDevMobile\.gradle\6.7.1\fileHashes)" [_thread_blocked, id=3816, stack(0x000000aa72a00000,0x000000aa72b00000)]
  0x000002801b94e000 JavaThread "Thread-312" [_thread_blocked, id=17508, stack(0x000000aa72900000,0x000000aa72a00000)]
  0x000002801b952000 JavaThread "Stdin handler" [_thread_blocked, id=10320, stack(0x000000aa72800000,0x000000aa72900000)]
  0x000002801b952800 JavaThread "Asynchronous log dispatcher for DefaultDaemonConnection: socket connection from /127.0.0.1:58628 to /127.0.0.1:60891" [_thread_blocked, id=17500, stack(0x000000aa72700000,0x000000aa72800000)]
  0x000002801b94b000 JavaThread "Daemon worker Thread 3" [_thread_blocked, id=11632, stack(0x000000aa72600000,0x000000aa72700000)]
  0x000002801b94a800 JavaThread "Cancel handler" [_thread_blocked, id=13348, stack(0x000000aa72500000,0x000000aa72600000)]
  0x000002801b94c000 JavaThread "Handler for socket connection from /127.0.0.1:58628 to /127.0.0.1:60891" [_thread_in_native, id=16424, stack(0x000000aa72200000,0x000000aa72300000)]
  0x000002801b950800 JavaThread "Daemon Thread 3" [_thread_blocked, id=18248, stack(0x000000aa72100000,0x000000aa72200000)]
  0x0000028012a5d800 JavaThread "Cache worker for Java compile cache (C:\Users\Lex\.gradle\caches\6.7.1\javaCompile)" [_thread_blocked, id=5656, stack(0x000000aa7b700000,0x000000aa7b800000)]
  0x0000028013e03800 JavaThread "Memory manager" [_thread_blocked, id=11732, stack(0x000000aa7a300000,0x000000aa7a400000)]
  0x0000028011441800 JavaThread "Cache worker for file content cache (C:\Users\Lex\.gradle\caches\6.7.1\fileContent)" [_thread_blocked, id=3260, stack(0x000000aa73500000,0x000000aa73600000)]
  0x000002800f3ed000 JavaThread "Cache worker for execution history cache (C:\Users\Lex\.gradle\caches\6.7.1\executionHistory)" [_thread_blocked, id=16916, stack(0x000000aa73300000,0x000000aa73400000)]
  0x000002800f3eb800 JavaThread "Cache worker for journal cache (C:\Users\Lex\.gradle\caches\journal-1)" [_thread_blocked, id=13044, stack(0x000000aa72e00000,0x000000aa72f00000)]
  0x000002800f3ea800 JavaThread "File lock request listener" [_thread_in_native, id=5584, stack(0x000000aa72d00000,0x000000aa72e00000)]
  0x000002800f3e9000 JavaThread "Cache worker for file hash cache (C:\Users\Lex\.gradle\caches\6.7.1\fileHashes)" [_thread_blocked, id=992, stack(0x000000aa72c00000,0x000000aa72d00000)]
  0x0000028010e86800 JavaThread "Daemon periodic checks" [_thread_blocked, id=13732, stack(0x000000aa72400000,0x000000aa72500000)]
  0x0000028010e16800 JavaThread "Incoming local TCP Connector on port 58628" [_thread_in_native, id=8824, stack(0x000000aa72300000,0x000000aa72400000)]
  0x0000028010d09800 JavaThread "Daemon health stats" [_thread_blocked, id=11636, stack(0x000000aa72000000,0x000000aa72100000)]
  0x000002807e86d800 JavaThread "Service Thread" daemon [_thread_blocked, id=10568, stack(0x000000aa71e00000,0x000000aa71f00000)]
  0x000002807e851000 JavaThread "C1 CompilerThread3" daemon [_thread_in_native, id=3432, stack(0x000000aa71d00000,0x000000aa71e00000)]
  0x000002807e844000 JavaThread "C2 CompilerThread2" daemon [_thread_in_native, id=15448, stack(0x000000aa71c00000,0x000000aa71d00000)]
=>0x000002807e832800 JavaThread "C2 CompilerThread1" daemon [_thread_in_native, id=16592, stack(0x000000aa71b00000,0x000000aa71c00000)]
  0x000002807e830800 JavaThread "C2 CompilerThread0" daemon [_thread_blocked, id=15740, stack(0x000000aa71a00000,0x000000aa71b00000)]
  0x000002807e82d000 JavaThread "Attach Listener" daemon [_thread_blocked, id=7788, stack(0x000000aa71900000,0x000000aa71a00000)]
  0x000002807e827800 JavaThread "Signal Dispatcher" daemon [_thread_blocked, id=13356, stack(0x000000aa71800000,0x000000aa71900000)]
  0x000002807e803800 JavaThread "Finalizer" daemon [_thread_blocked, id=1716, stack(0x000000aa71700000,0x000000aa71800000)]
  0x000002807e7fc000 JavaThread "Reference Handler" daemon [_thread_blocked, id=12480, stack(0x000000aa71600000,0x000000aa71700000)]
  0x0000028076810000 JavaThread "main" [_thread_blocked, id=16064, stack(0x000000aa70a00000,0x000000aa70b00000)]

Other Threads:
  0x000002807e7d5000 VMThread [stack: 0x000000aa71500000,0x000000aa71600000] [id=8020]
  0x000002800f038800 WatcherThread [stack: 0x000000aa71f00000,0x000000aa72000000] [id=9124]

VM state:not at safepoint (normal execution)

VM Mutex/Monitor currently owned by a thread: None

heap address: 0x0000000080000000, size: 2048 MB, Compressed Oops mode: 32-bit
Narrow klass base: 0x0000000000000000, Narrow klass shift: 3
Compressed class space size: 1073741824 Address: 0x0000000100000000

Heap:
 PSYoungGen      total 432128K, used 379443K [0x00000000d5580000, 0x00000000f4100000, 0x0000000100000000)
  eden space 408064K, 87% used [0x00000000d5580000,0x00000000eb0ad610,0x00000000ee400000)
  from space 24064K, 99% used [0x00000000ef080000,0x00000000f07f5980,0x00000000f0800000)
  to   space 47616K, 0% used [0x00000000f1280000,0x00000000f1280000,0x00000000f4100000)
 ParOldGen       total 350720K, used 81149K [0x0000000080000000, 0x0000000095680000, 0x00000000d5580000)
  object space 350720K, 23% used [0x0000000080000000,0x0000000084f3f610,0x0000000095680000)
 Metaspace       used 99339K, capacity 105035K, committed 106496K, reserved 1140736K
  class space    used 13384K, capacity 14395K, committed 15104K, reserved 1048576K

Card table byte_map: [0x00000280785c0000,0x00000280789d0000] byte_map_base: 0x00000280781c0000

Marking Bits: (ParMarkBitMap*) 0x000000006fef6ff0
 Begin Bits: [0x0000028078c80000, 0x000002807ac80000)
 End Bits:   [0x000002807ac80000, 0x000002807cc80000)

Polling page: 0x00000280781d0000

CodeCache: size=245760Kb used=50109Kb max_used=50175Kb free=195650Kb
 bounds [0x0000028000000000, 0x00000280031d0000, 0x000002800f000000]
 total_blobs=16158 nmethods=15270 adapters=799
 compilation: enabled

Compilation events (10 events):
Event: 9735.487 Thread 0x000002807e830800 nmethod 19329 0x00000280030e6ad0 code [0x00000280030e6ca0, 0x00000280030e7930]
Event: 9735.487 Thread 0x000002807e830800 19315       4       java.io.StringWriter::write (11 bytes)
Event: 9735.490 Thread 0x000002807e830800 nmethod 19315 0x00000280030e5f90 code [0x00000280030e60e0, 0x00000280030e6718]
Event: 9735.508 Thread 0x000002807e830800 19340 %     4       com.android.tools.r8.w.a.a.a.h.V0::g @ 74 (323 bytes)
Event: 9735.508 Thread 0x000002807e851000 19343       1       com.android.tools.r8.graph.t0$i::D (4 bytes)
Event: 9735.508 Thread 0x000002807e851000 nmethod 19343 0x000002800307a110 code [0x000002800307a260, 0x000002800307a378]
Event: 9735.512 Thread 0x000002807e851000 19348       3       com.android.tools.r8.graph.t0$n::hashCode (9 bytes)
Event: 9735.512 Thread 0x000002807e851000 nmethod 19348 0x0000028001598910 code [0x0000028001598a60, 0x0000028001598bd8]
Event: 9735.515 Thread 0x000002807e830800 nmethod 19340% 0x000002800311dd10 code [0x000002800311df00, 0x000002800311ea28]
Event: 9735.515 Thread 0x000002807e830800 19346 %     4       com.android.tools.r8.w.a.a.a.h.N::g @ 112 (323 bytes)

GC Heap History (10 events):
Event: 96.060 GC heap before
{Heap before GC invocations=13 (full 3):
 PSYoungGen      total 339968K, used 334344K [0x00000000d5580000, 0x00000000ef400000, 0x0000000100000000)
  eden space 317440K, 99% used [0x00000000d5580000,0x00000000e89f9620,0x00000000e8b80000)
  from space 22528K, 81% used [0x00000000e8b80000,0x00000000e9d88d58,0x00000000ea180000)
  to   space 24064K, 0% used [0x00000000edc80000,0x00000000edc80000,0x00000000ef400000)
 ParOldGen       total 222720K, used 39158K [0x0000000080000000, 0x000000008d980000, 0x00000000d5580000)
  object space 222720K, 17% used [0x0000000080000000,0x000000008263d900,0x000000008d980000)
 Metaspace       used 77052K, capacity 81044K, committed 81152K, reserved 1120256K
  class space    used 10509K, capacity 11223K, committed 11264K, reserved 1048576K
Event: 96.081 GC heap after
Heap after GC invocations=13 (full 3):
 PSYoungGen      total 388096K, used 24052K [0x00000000d5580000, 0x00000000f0180000, 0x0000000100000000)
  eden space 364032K, 0% used [0x00000000d5580000,0x00000000d5580000,0x00000000eb900000)
  from space 24064K, 99% used [0x00000000edc80000,0x00000000ef3fd0a0,0x00000000ef400000)
  to   space 36352K, 0% used [0x00000000eb900000,0x00000000eb900000,0x00000000edc80000)
 ParOldGen       total 222720K, used 63945K [0x0000000080000000, 0x000000008d980000, 0x00000000d5580000)
  object space 222720K, 28% used [0x0000000080000000,0x0000000083e72540,0x000000008d980000)
 Metaspace       used 77052K, capacity 81044K, committed 81152K, reserved 1120256K
  class space    used 10509K, capacity 11223K, committed 11264K, reserved 1048576K
}
Event: 98.619 GC heap before
{Heap before GC invocations=14 (full 3):
 PSYoungGen      total 388096K, used 349539K [0x00000000d5580000, 0x00000000f0180000, 0x0000000100000000)
  eden space 364032K, 89% used [0x00000000d5580000,0x00000000e935bd80,0x00000000eb900000)
  from space 24064K, 99% used [0x00000000edc80000,0x00000000ef3fd0a0,0x00000000ef400000)
  to   space 36352K, 0% used [0x00000000eb900000,0x00000000eb900000,0x00000000edc80000)
 ParOldGen       total 222720K, used 63945K [0x0000000080000000, 0x000000008d980000, 0x00000000d5580000)
  object space 222720K, 28% used [0x0000000080000000,0x0000000083e72540,0x000000008d980000)
 Metaspace       used 92210K, capacity 98556K, committed 98560K, reserved 1134592K
  class space    used 12925K, capacity 14208K, committed 14208K, reserved 1048576K
Event: 98.652 GC heap after
Heap after GC invocations=14 (full 3):
 PSYoungGen      total 400384K, used 36339K [0x00000000d5580000, 0x00000000f5000000, 0x0000000100000000)
  eden space 364032K, 0% used [0x00000000d5580000,0x00000000d5580000,0x00000000eb900000)
  from space 36352K, 99% used [0x00000000eb900000,0x00000000edc7cc30,0x00000000edc80000)
  to   space 49152K, 0% used [0x00000000f2000000,0x00000000f2000000,0x00000000f5000000)
 ParOldGen       total 222720K, used 84591K [0x0000000080000000, 0x000000008d980000, 0x00000000d5580000)
  object space 222720K, 37% used [0x0000000080000000,0x000000008529bd88,0x000000008d980000)
 Metaspace       used 92210K, capacity 98556K, committed 98560K, reserved 1134592K
  class space    used 12925K, capacity 14208K, committed 14208K, reserved 1048576K
}
Event: 98.652 GC heap before
{Heap before GC invocations=15 (full 4):
 PSYoungGen      total 400384K, used 36339K [0x00000000d5580000, 0x00000000f5000000, 0x0000000100000000)
  eden space 364032K, 0% used [0x00000000d5580000,0x00000000d5580000,0x00000000eb900000)
  from space 36352K, 99% used [0x00000000eb900000,0x00000000edc7cc30,0x00000000edc80000)
  to   space 49152K, 0% used [0x00000000f2000000,0x00000000f2000000,0x00000000f5000000)
 ParOldGen       total 222720K, used 84591K [0x0000000080000000, 0x000000008d980000, 0x00000000d5580000)
  object space 222720K, 37% used [0x0000000080000000,0x000000008529bd88,0x000000008d980000)
 Metaspace       used 92210K, capacity 98556K, committed 98560K, reserved 1134592K
  class space    used 12925K, capacity 14208K, committed 14208K, reserved 1048576K
Event: 98.772 GC heap after
Heap after GC invocations=15 (full 4):
 PSYoungGen      total 400384K, used 0K [0x00000000d5580000, 0x00000000f5000000, 0x0000000100000000)
  eden space 364032K, 0% used [0x00000000d5580000,0x00000000d5580000,0x00000000eb900000)
  from space 36352K, 0% used [0x00000000eb900000,0x00000000eb900000,0x00000000edc80000)
  to   space 49152K, 0% used [0x00000000f2000000,0x00000000f2000000,0x00000000f5000000)
 ParOldGen       total 350720K, used 81125K [0x0000000080000000, 0x0000000095680000, 0x00000000d5580000)
  object space 350720K, 23% used [0x0000000080000000,0x0000000084f39610,0x0000000095680000)
 Metaspace       used 90258K, capacity 94177K, committed 98560K, reserved 1134592K
  class space    used 12216K, capacity 12967K, committed 14208K, reserved 1048576K
}
Event: 100.639 GC heap before
{Heap before GC invocations=16 (full 4):
 PSYoungGen      total 400384K, used 364032K [0x00000000d5580000, 0x00000000f5000000, 0x0000000100000000)
  eden space 364032K, 100% used [0x00000000d5580000,0x00000000eb900000,0x00000000eb900000)
  from space 36352K, 0% used [0x00000000eb900000,0x00000000eb900000,0x00000000edc80000)
  to   space 49152K, 0% used [0x00000000f2000000,0x00000000f2000000,0x00000000f5000000)
 ParOldGen       total 350720K, used 81125K [0x0000000080000000, 0x0000000095680000, 0x00000000d5580000)
  object space 350720K, 23% used [0x0000000080000000,0x0000000084f39610,0x0000000095680000)
 Metaspace       used 96679K, capacity 102161K, committed 104064K, reserved 1138688K
  class space    used 13196K, capacity 14164K, committed 14976K, reserved 1048576K
Event: 100.645 GC heap after
Heap after GC invocations=16 (full 4):
 PSYoungGen      total 470016K, used 6831K [0x00000000d5580000, 0x00000000f5200000, 0x0000000100000000)
  eden space 420864K, 0% used [0x00000000d5580000,0x00000000d5580000,0x00000000ef080000)
  from space 49152K, 13% used [0x00000000f2000000,0x00000000f26abd68,0x00000000f5000000)
  to   space 48640K, 0% used [0x00000000ef080000,0x00000000ef080000,0x00000000f2000000)
 ParOldGen       total 350720K, used 81133K [0x0000000080000000, 0x0000000095680000, 0x00000000d5580000)
  object space 350720K, 23% used [0x0000000080000000,0x0000000084f3b610,0x0000000095680000)
 Metaspace       used 96679K, capacity 102161K, committed 104064K, reserved 1138688K
  class space    used 13196K, capacity 14164K, committed 14976K, reserved 1048576K
}
Event: 9733.833 GC heap before
{Heap before GC invocations=17 (full 4):
 PSYoungGen      total 470016K, used 427695K [0x00000000d5580000, 0x00000000f5200000, 0x0000000100000000)
  eden space 420864K, 100% used [0x00000000d5580000,0x00000000ef080000,0x00000000ef080000)
  from space 49152K, 13% used [0x00000000f2000000,0x00000000f26abd68,0x00000000f5000000)
  to   space 48640K, 0% used [0x00000000ef080000,0x00000000ef080000,0x00000000f2000000)
 ParOldGen       total 350720K, used 81133K [0x0000000080000000, 0x0000000095680000, 0x00000000d5580000)
  object space 350720K, 23% used [0x0000000080000000,0x0000000084f3b610,0x0000000095680000)
 Metaspace       used 98906K, capacity 104575K, committed 106240K, reserved 1140736K
  class space    used 13347K, capacity 14365K, committed 15104K, reserved 1048576K
Event: 9733.943 GC heap after
Heap after GC invocations=17 (full 4):
 PSYoungGen      total 432128K, used 24022K [0x00000000d5580000, 0x00000000f4100000, 0x0000000100000000)
  eden space 408064K, 0% used [0x00000000d5580000,0x00000000d5580000,0x00000000ee400000)
  from space 24064K, 99% used [0x00000000ef080000,0x00000000f07f5980,0x00000000f0800000)
  to   space 47616K, 0% used [0x00000000f1280000,0x00000000f1280000,0x00000000f4100000)
 ParOldGen       total 350720K, used 81149K [0x0000000080000000, 0x0000000095680000, 0x00000000d5580000)
  object space 350720K, 23% used [0x0000000080000000,0x0000000084f3f610,0x0000000095680000)
 Metaspace       used 98906K, capacity 104575K, committed 106240K, reserved 1140736K
  class space    used 13347K, capacity 14365K, committed 15104K, reserved 1048576K
}

Deoptimization events (10 events):
Event: 9734.537 Thread 0x0000028017af0800 Uncommon trap: reason=array_check action=maybe_recompile pc=0x000002800187640c method=java.util.TimSort.reverseRange([Ljava/lang/Object;II)V @ 20
Event: 9735.258 Thread 0x000002800fa3d000 Uncommon trap: reason=null_check action=make_not_entrant pc=0x0000028001218af8 method=com.android.tools.r8.s.a.b.h.a(Ljava/lang/Object;)V @ 71
Event: 9735.370 Thread 0x000002800fa3d000 Uncommon trap: reason=bimorphic action=maybe_recompile pc=0x0000028000de4ca4 method=com.android.tools.r8.dex.P$g.a(Ljava/util/function/Function;Lcom/android/tools/r8/graph/g0;)V @ 2
Event: 9735.370 Thread 0x000002800fa3d000 Uncommon trap: reason=bimorphic action=maybe_recompile pc=0x0000028000de4ca4 method=com.android.tools.r8.dex.P$g.a(Ljava/util/function/Function;Lcom/android/tools/r8/graph/g0;)V @ 2
Event: 9735.370 Thread 0x000002800fa3d000 Uncommon trap: reason=bimorphic action=maybe_recompile pc=0x0000028000de4ca4 method=com.android.tools.r8.dex.P$g.a(Ljava/util/function/Function;Lcom/android/tools/r8/graph/g0;)V @ 2
Event: 9735.370 Thread 0x000002800fa3d000 Uncommon trap: reason=bimorphic action=maybe_recompile pc=0x0000028000de4ca4 method=com.android.tools.r8.dex.P$g.a(Ljava/util/function/Function;Lcom/android/tools/r8/graph/g0;)V @ 2
Event: 9735.387 Thread 0x000002800fa3d000 Uncommon trap: reason=unstable_if action=reinterpret pc=0x000002800306992c method=java.util.TimSort.countRunAndMakeAscending([Ljava/lang/Object;IILjava/util/Comparator;)I @ 27
Event: 9735.392 Thread 0x000002800fa3d000 Uncommon trap: reason=array_check action=maybe_recompile pc=0x00000280019c0740 method=java.util.TimSort.binarySort([Ljava/lang/Object;IIILjava/util/Comparator;)V @ 215
Event: 9735.392 Thread 0x000002800fa3d000 Uncommon trap: reason=array_check action=maybe_recompile pc=0x00000280019c0740 method=java.util.TimSort.binarySort([Ljava/lang/Object;IIILjava/util/Comparator;)V @ 215
Event: 9735.405 Thread 0x0000028017e79000 Uncommon trap: reason=unstable_if action=reinterpret pc=0x0000028001df8538 method=java.util.TimSort.countRunAndMakeAscending([Ljava/lang/Object;IILjava/util/Comparator;)I @ 27

Classes redefined (0 events):
No events

Internal exceptions (10 events):
Event: 9732.807 Thread 0x000002800fa40000 Exception <a 'sun/nio/fs/WindowsException'> (0x00000000ec400198) thrown at [C:\jenkins\workspace\8-2-build-windows-amd64-cygwin\jdk8u281\880\hotspot\src\share\vm\prims\jni.cpp, line 710]
Event: 9734.018 Thread 0x000002800fa40000 Exception <a 'sun/nio/fs/WindowsException'> (0x00000000d58ae258) thrown at [C:\jenkins\workspace\8-2-build-windows-amd64-cygwin\jdk8u281\880\hotspot\src\share\vm\prims\jni.cpp, line 710]
Event: 9734.436 Thread 0x0000028017af2000 Exception <a 'sun/nio/fs/WindowsException'> (0x00000000d83c4a20) thrown at [C:\jenkins\workspace\8-2-build-windows-amd64-cygwin\jdk8u281\880\hotspot\src\share\vm\prims\jni.cpp, line 710]
Event: 9734.438 Thread 0x0000028017aed000 Exception <a 'sun/nio/fs/WindowsException'> (0x00000000d84eba30) thrown at [C:\jenkins\workspace\8-2-build-windows-amd64-cygwin\jdk8u281\880\hotspot\src\share\vm\prims\jni.cpp, line 710]
Event: 9734.490 Thread 0x0000028017af2000 Exception <a 'java/lang/NoSuchMethodError': java.lang.Object.b(Lcom/android/tools/r8/graph/Q1$b;)Lcom/android/tools/r8/graph/Q1$b;> (0x00000000da43df78) thrown at [C:\jenkins\workspace\8-2-build-windows-amd64-cygwin\jdk8u281\880\hotspot\src\share\vm\inter
Event: 9734.501 Thread 0x0000028017aed000 Implicit null exception at 0x0000028002328a37 to 0x0000028002328c8d
Event: 9734.503 Thread 0x0000028017aed000 Implicit null exception at 0x00000280022d9f28 to 0x00000280022da065
Event: 9734.508 Thread 0x0000028017af2000 Exception <a 'sun/nio/fs/WindowsException'> (0x00000000daa35818) thrown at [C:\jenkins\workspace\8-2-build-windows-amd64-cygwin\jdk8u281\880\hotspot\src\share\vm\prims\jni.cpp, line 710]
Event: 9734.514 Thread 0x0000028017aed000 Exception <a 'sun/nio/fs/WindowsException'> (0x00000000dad25fe8) thrown at [C:\jenkins\workspace\8-2-build-windows-amd64-cygwin\jdk8u281\880\hotspot\src\share\vm\prims\jni.cpp, line 710]
Event: 9735.041 Thread 0x000002800fa3d000 Exception <a 'sun/nio/fs/WindowsException'> (0x00000000dca78660) thrown at [C:\jenkins\workspace\8-2-build-windows-amd64-cygwin\jdk8u281\880\hotspot\src\share\vm\prims\jni.cpp, line 710]

Events (10 events):
Event: 9735.388 Thread 0x000002800fa3d000 DEOPT UNPACKING pc=0x0000028000047498 sp=0x000000aa7b2fd7d0 mode 0
Event: 9735.392 Thread 0x000002800fa3d000 Uncommon trap: trap_request=0xffffffd6 fr.pc=0x00000280019c0740
Event: 9735.392 Thread 0x000002800fa3d000 DEOPT PACKING pc=0x00000280019c0740 sp=0x000000aa7b2fdba0
Event: 9735.392 Thread 0x000002800fa3d000 DEOPT UNPACKING pc=0x0000028000045843 sp=0x000000aa7b2fdb68 mode 2
Event: 9735.392 Thread 0x000002800fa3d000 Uncommon trap: trap_request=0xffffffd6 fr.pc=0x00000280019c0740
Event: 9735.392 Thread 0x000002800fa3d000 DEOPT PACKING pc=0x00000280019c0740 sp=0x000000aa7b2fdba0
Event: 9735.392 Thread 0x000002800fa3d000 DEOPT UNPACKING pc=0x0000028000045843 sp=0x000000aa7b2fdb68 mode 2
Event: 9735.405 Thread 0x0000028017e79000 Uncommon trap: trap_request=0xffffff65 fr.pc=0x0000028001df8538
Event: 9735.405 Thread 0x0000028017e79000 DEOPT PACKING pc=0x0000028001df8538 sp=0x000000aa7cbfecc0
Event: 9735.405 Thread 0x0000028017e79000 DEOPT UNPACKING pc=0x0000028000045843 sp=0x000000aa7cbfec58 mode 2


Dynamic libraries:
0x00007ff765500000 - 0x00007ff765547000 	C:\Program Files\Java\jdk1.8.0_281\bin\java.exe
0x00007ffc14070000 - 0x00007ffc14265000 	C:\WINDOWS\SYSTEM32\ntdll.dll
0x00007ffbe50f0000 - 0x00007ffbe5105000 	C:\Program Files\Avast Software\Avast\aswhook.dll
0x00007ffc12220000 - 0x00007ffc122de000 	C:\WINDOWS\System32\KERNEL32.DLL
0x00007ffc11c70000 - 0x00007ffc11f39000 	C:\WINDOWS\System32\KERNELBASE.dll
0x00007ffc13ed0000 - 0x00007ffc13f7c000 	C:\WINDOWS\System32\ADVAPI32.dll
0x00007ffc128e0000 - 0x00007ffc1297e000 	C:\WINDOWS\System32\msvcrt.dll
0x00007ffc13ad0000 - 0x00007ffc13b6b000 	C:\WINDOWS\System32\sechost.dll
0x00007ffc12550000 - 0x00007ffc1267a000 	C:\WINDOWS\System32\RPCRT4.dll
0x00007ffc12cc0000 - 0x00007ffc12e61000 	C:\WINDOWS\System32\USER32.dll
0x00007ffc11c40000 - 0x00007ffc11c62000 	C:\WINDOWS\System32\win32u.dll
0x00007ffc12e70000 - 0x00007ffc12e9b000 	C:\WINDOWS\System32\GDI32.dll
0x00007ffc11a80000 - 0x00007ffc11b8b000 	C:\WINDOWS\System32\gdi32full.dll
0x00007ffc119e0000 - 0x00007ffc11a7d000 	C:\WINDOWS\System32\msvcp_win.dll
0x00007ffc11f70000 - 0x00007ffc12070000 	C:\WINDOWS\System32\ucrtbase.dll
0x00007ffc03de0000 - 0x00007ffc0407a000 	C:\WINDOWS\WinSxS\amd64_microsoft.windows.common-controls_6595b64144ccf1df_6.0.19041.1110_none_60b5254171f9507e\COMCTL32.dll
0x00007ffc12180000 - 0x00007ffc121b0000 	C:\WINDOWS\System32\IMM32.DLL
0x00007ffbf2160000 - 0x00007ffbf2175000 	C:\Program Files\Java\jdk1.8.0_281\jre\bin\vcruntime140.dll
0x00007ffbc9b00000 - 0x00007ffbc9b9b000 	C:\Program Files\Java\jdk1.8.0_281\jre\bin\msvcp140.dll
0x000000006f710000 - 0x000000006ff6f000 	C:\Program Files\Java\jdk1.8.0_281\jre\bin\server\jvm.dll
0x00007ffc12540000 - 0x00007ffc12548000 	C:\WINDOWS\System32\PSAPI.DLL
0x00007ffc03bc0000 - 0x00007ffc03bc9000 	C:\WINDOWS\SYSTEM32\WSOCK32.dll
0x00007ffc121b0000 - 0x00007ffc1221b000 	C:\WINDOWS\System32\WS2_32.dll
0x00007ffc04ce0000 - 0x00007ffc04d07000 	C:\WINDOWS\SYSTEM32\WINMM.dll
0x00007ffc0b680000 - 0x00007ffc0b68a000 	C:\WINDOWS\SYSTEM32\VERSION.dll
0x00007ffc0f6b0000 - 0x00007ffc0f6c2000 	C:\WINDOWS\SYSTEM32\kernel.appcore.dll
0x00007ffbf3fa0000 - 0x00007ffbf3fb0000 	C:\Program Files\Java\jdk1.8.0_281\jre\bin\verify.dll
0x00007ffbe35c0000 - 0x00007ffbe35eb000 	C:\Program Files\Java\jdk1.8.0_281\jre\bin\java.dll
0x00007ffbf1000000 - 0x00007ffbf1018000 	C:\Program Files\Java\jdk1.8.0_281\jre\bin\zip.dll
0x00007ffc13330000 - 0x00007ffc13a6f000 	C:\WINDOWS\System32\SHELL32.dll
0x00007ffc0f8b0000 - 0x00007ffc10040000 	C:\WINDOWS\SYSTEM32\windows.storage.dll
0x00007ffc13b70000 - 0x00007ffc13ec5000 	C:\WINDOWS\System32\combase.dll
0x00007ffc111e0000 - 0x00007ffc1120c000 	C:\WINDOWS\SYSTEM32\Wldp.dll
0x00007ffc13f80000 - 0x00007ffc1402e000 	C:\WINDOWS\System32\SHCORE.dll
0x00007ffc120c0000 - 0x00007ffc12115000 	C:\WINDOWS\System32\shlwapi.dll
0x00007ffc116d0000 - 0x00007ffc116ef000 	C:\WINDOWS\SYSTEM32\profapi.dll
0x00007ffbeaaf0000 - 0x00007ffbeab0c000 	C:\Program Files\Java\jdk1.8.0_281\jre\bin\net.dll
0x00007ffc10ed0000 - 0x00007ffc10f3a000 	C:\WINDOWS\system32\mswsock.dll
0x00007ffbea590000 - 0x00007ffbea5a3000 	C:\Program Files\Java\jdk1.8.0_281\jre\bin\nio.dll
0x00007ffbed2d0000 - 0x00007ffbed2f7000 	C:\Users\Lex\.gradle\native\fdc75f09e3144964f2cf3f50f0aa648679c211496f362492102eb8c894070792\windows-amd64\native-platform.dll
0x00007ffbc8c20000 - 0x00007ffbc8db6000 	C:\Users\Lex\.gradle\native\12488b8bf47d2d4c9fbf2f6322a914ad602e24e48041cd04a747c6da556b65c4\windows-amd64\native-platform-file-events.dll
0x00007ffbf3360000 - 0x00007ffbf336d000 	C:\Program Files\Java\jdk1.8.0_281\jre\bin\management.dll
0x00007ffc11130000 - 0x00007ffc11148000 	C:\WINDOWS\SYSTEM32\CRYPTSP.dll
0x00007ffc107f0000 - 0x00007ffc10824000 	C:\WINDOWS\system32\rsaenh.dll
0x00007ffc11f40000 - 0x00007ffc11f67000 	C:\WINDOWS\System32\bcrypt.dll
0x00007ffc11690000 - 0x00007ffc116be000 	C:\WINDOWS\SYSTEM32\USERENV.dll
0x00007ffc11950000 - 0x00007ffc119d3000 	C:\WINDOWS\System32\bcryptprimitives.dll
0x00007ffc11150000 - 0x00007ffc1115c000 	C:\WINDOWS\SYSTEM32\CRYPTBASE.dll
0x00007ffc10b60000 - 0x00007ffc10b9b000 	C:\WINDOWS\SYSTEM32\IPHLPAPI.DLL
0x00007ffc12700000 - 0x00007ffc12708000 	C:\WINDOWS\System32\NSI.dll
0x00007ffc0b5b0000 - 0x00007ffc0b5c7000 	C:\WINDOWS\SYSTEM32\dhcpcsvc6.DLL
0x00007ffc0b7b0000 - 0x00007ffc0b7cd000 	C:\WINDOWS\SYSTEM32\dhcpcsvc.DLL
0x00007ffc10c10000 - 0x00007ffc10cdc000 	C:\WINDOWS\SYSTEM32\DNSAPI.dll
0x00007ffc0be30000 - 0x00007ffc0be3b000 	C:\WINDOWS\SYSTEM32\WINNSI.DLL
0x00007ffc03af0000 - 0x00007ffc03b14000 	C:\Program Files\Java\jdk1.8.0_281\jre\bin\sunec.dll
0x00007ffc0a6e0000 - 0x00007ffc0a8c4000 	C:\WINDOWS\SYSTEM32\dbghelp.dll

VM Arguments:
jvm_args: -Xmx2048m -Dfile.encoding=UTF-8 -Duser.country=BR -Duser.language=pt -Duser.variant 
java_command: org.gradle.launcher.daemon.bootstrap.GradleDaemon 6.7.1
java_class_path (initial): C:\Users\Lex\.gradle\wrapper\dists\gradle-6.7.1-bin\bwlcbys1h7rz3272sye1xwiv6\gradle-6.7.1\lib\gradle-launcher-6.7.1.jar
Launcher Type: SUN_STANDARD

Environment Variables:
JAVA_HOME=C:\Program Files\Java\jdk-15.0.2\
PATH=C:\Program Files\Java\jdk1.8.0_281\bin;C:\Program Files\Common Files\Oracle\Java\javapath;C:\Program Files (x86)\Common Files\Oracle\Java\javapath;C:\Windows\system32;C:\Windows;C:\Windows\System32\Wbem;C:\Windows\System32\WindowsPowerShell\v1.0\;C:\Windows\System32\OpenSSH\;C:\Program Files (x86)\NVIDIA Corporation\PhysX\Common;C:\Program Files\NVIDIA Corporation\NVIDIA NvDLISR;C:\WINDOWS\system32;C:\WINDOWS;C:\WINDOWS\System32\Wbem;C:\WINDOWS\System32\WindowsPowerShell\v1.0\;C:\WINDOWS\System32\OpenSSH\;C:\Program Files\Git\cmd;D:\apache-maven-3.6.3\bin;C:\Users\Lex\AppData\Local\Programs\Python\Python39\Scripts;D:\Calibre2\;C:\Program Files\erl-24.0.1\bin;C:\Program Files\MySQL\MySQL Shell 8.0\bin\;C:\Users\Lex\AppData\Local\Microsoft\WindowsApps;D:\Microsoft VS Code\bin;D:\IntelliJ IDEA Community Edition 2021.2\bin;;C:\Users\Lex\AppData\Local\GitHubDesktop\bin
USERNAME=Lex
OS=Windows_NT
PROCESSOR_IDENTIFIER=AMD64 Family 23 Model 113 Stepping 0, AuthenticAMD



---------------  S Y S T E M  ---------------

OS: Windows 10.0 , 64 bit Build 19041 (10.0.19041.1202)

CPU:total 12 (initial active 12) (12 cores per cpu, 1 threads per core) family 23 model 113 stepping 0, cmov, cx8, fxsr, mmx, sse, sse2, sse3, ssse3, sse4.1, sse4.2, popcnt, avx, avx2, aes, clmul, mmxext, 3dnowpref, lzcnt, sse4a, tsc, tscinvbit, tscinv, bmi1

Memory: 4k page, physical 16726952k(2707156k free), swap 20618152k(3148k free)

vm_info: Java HotSpot(TM) 64-Bit Server VM (25.281-b09) for windows-amd64 JRE (1.8.0_281-b09), built on Dec  9 2020 13:54:07 by "" with MS VC++ 15.9 (VS2017)

time: Sat Sep 25 16:02:49 2021
timezone: Hora oficial do Brasil
elapsed time: 9735.682982 seconds (0d 2h 42m 15s)

