#
# There is insufficient memory for the Java Runtime Environment to continue.
# Native memory allocation (malloc) failed to allocate 1633456 bytes for Chunk::new
# Possible reasons:
#   The system is out of physical RAM or swap space
#   The process is running with CompressedOops enabled, and the Java Heap may be blocking the growth of the native heap
# Possible solutions:
#   Reduce memory load on the system
#   Increase physical memory or swap space
#   Check if swap backing store is full
#   Decrease Java heap size (-Xmx/-Xms)
#   Decrease number of Java threads
#   Decrease Java thread stack sizes (-Xss)
#   Set larger code cache with -XX:ReservedCodeCacheSize=
#   JVM is running with Unscaled Compressed Oops mode in which the Java heap is
#     placed in the first 4GB address space. The Java Heap base address is the
#     maximum limit for the native heap growth. Please use -XX:HeapBaseMinAddress
#     to set the Java Heap base and to place the Java Heap above 4GB virtual address.
# This output file may be truncated or incomplete.
#
#  Out of Memory Error (allocation.cpp:389), pid=9164, tid=0x0000000000004bb0
#
# JRE version: Java(TM) SE Runtime Environment (8.0_281-b09) (build 1.8.0_281-b09)
# Java VM: Java HotSpot(TM) 64-Bit Server VM (25.281-b09 mixed mode windows-amd64 compressed oops)
# Failed to write core dump. Minidumps are not enabled by default on client versions of Windows
#

---------------  T H R E A D  ---------------

Current thread (0x000002cecd688000):  JavaThread "C2 CompilerThread1" daemon [_thread_in_native, id=19376, stack(0x000000fc19900000,0x000000fc19a00000)]

Stack: [0x000000fc19900000,0x000000fc19a00000]
Native frames: (J=compiled Java code, j=interpreted, Vv=VM code, C=native code)
V  [jvm.dll+0x32e5b9]
V  [jvm.dll+0x275012]
V  [jvm.dll+0x275cbd]
V  [jvm.dll+0x26c6f5]
V  [jvm.dll+0xd51fc]
V  [jvm.dll+0xd59fc]
V  [jvm.dll+0x4523f2]
V  [jvm.dll+0x48d85d]
V  [jvm.dll+0x4423f1]
V  [jvm.dll+0x43f664]
V  [jvm.dll+0x42a5e7]
V  [jvm.dll+0xabe9b]
V  [jvm.dll+0xaa4fb]
V  [jvm.dll+0x23d6b2]
V  [jvm.dll+0x291cbc]
C  [ucrtbase.dll+0x21bb2]
C  [KERNEL32.DLL+0x17034]
C  [ntdll.dll+0x52651]


Current CompileTask:
C2:   9498 12975       4       com.android.tools.r8.graph.E::a (95 bytes)


---------------  P R O C E S S  ---------------

Java Threads: ( => current thread )
  0x000002cedca21800 JavaThread "ForkJoinPool-1-worker-12" daemon [_thread_blocked, id=13240, stack(0x000000fc24d00000,0x000000fc24e00000)]
  0x000002cedca1b800 JavaThread "ForkJoinPool-1-worker-3" daemon [_thread_blocked, id=6788, stack(0x000000fc24c00000,0x000000fc24d00000)]
  0x000002cedca22000 JavaThread "ForkJoinPool-1-worker-10" daemon [_thread_blocked, id=14740, stack(0x000000fc24b00000,0x000000fc24c00000)]
  0x000002cedca1e800 JavaThread "ForkJoinPool-1-worker-1" daemon [_thread_blocked, id=4328, stack(0x000000fc24a00000,0x000000fc24b00000)]
  0x000002cedca1f000 JavaThread "ForkJoinPool-1-worker-8" daemon [_thread_blocked, id=3480, stack(0x000000fc24900000,0x000000fc24a00000)]
  0x000002ced5a4d800 JavaThread "ForkJoinPool-1-worker-15" daemon [_thread_blocked, id=4840, stack(0x000000fc24800000,0x000000fc24900000)]
  0x000002ced5a51000 JavaThread "ForkJoinPool-1-worker-6" daemon [_thread_in_Java, id=3248, stack(0x000000fc24700000,0x000000fc24800000)]
  0x000002ced5a52000 JavaThread "ForkJoinPool-1-worker-13" daemon [_thread_blocked, id=3492, stack(0x000000fc24600000,0x000000fc24700000)]
  0x000002ced5a50800 JavaThread "ForkJoinPool-1-worker-4" daemon [_thread_blocked, id=12632, stack(0x000000fc24500000,0x000000fc24600000)]
  0x000002ced5a4f800 JavaThread "ForkJoinPool-1-worker-11" daemon [_thread_blocked, id=17332, stack(0x000000fc24400000,0x000000fc24500000)]
  0x000002ced5a4e000 JavaThread "ForkJoinPool-1-worker-2" daemon [_thread_blocked, id=1720, stack(0x000000fc24300000,0x000000fc24400000)]
  0x000002ced5a4f000 JavaThread "ForkJoinPool-1-worker-9" daemon [_thread_blocked, id=16188, stack(0x000000fc24200000,0x000000fc24300000)]
  0x000002ced5a45000 JavaThread "WorkerExecutor Queue Thread 13" [_thread_blocked, id=9292, stack(0x000000fc24100000,0x000000fc24200000)]
  0x000002ced5a43800 JavaThread "WorkerExecutor Queue Thread 12" [_thread_blocked, id=16848, stack(0x000000fc24000000,0x000000fc24100000)]
  0x000002ced5a4a800 JavaThread "WorkerExecutor Queue Thread 11" [_thread_blocked, id=9876, stack(0x000000fc23f00000,0x000000fc24000000)]
  0x000002ced5a44800 JavaThread "WorkerExecutor Queue Thread 10" [_thread_blocked, id=10016, stack(0x000000fc23e00000,0x000000fc23f00000)]
  0x000002ced5a43000 JavaThread "WorkerExecutor Queue Thread 9" [_thread_blocked, id=3224, stack(0x000000fc23d00000,0x000000fc23e00000)]
  0x000002ced5a48000 JavaThread "WorkerExecutor Queue Thread 8" [_thread_blocked, id=11568, stack(0x000000fc23c00000,0x000000fc23d00000)]
  0x000002ced5a46800 JavaThread "WorkerExecutor Queue Thread 7" [_thread_blocked, id=12932, stack(0x000000fc23b00000,0x000000fc23c00000)]
  0x000002ced5a47800 JavaThread "WorkerExecutor Queue Thread 6" [_thread_blocked, id=18388, stack(0x000000fc23a00000,0x000000fc23b00000)]
  0x000002ced5a49800 JavaThread "WorkerExecutor Queue Thread 5" [_thread_blocked, id=18400, stack(0x000000fc23900000,0x000000fc23a00000)]
  0x000002ced5a49000 JavaThread "WorkerExecutor Queue Thread 4" [_thread_blocked, id=12720, stack(0x000000fc23800000,0x000000fc23900000)]
  0x000002ced623f000 JavaThread "WorkerExecutor Queue Thread 3" [_thread_blocked, id=19152, stack(0x000000fc23700000,0x000000fc23800000)]
  0x000002ced623a800 JavaThread "WorkerExecutor Queue Thread 2" [_thread_blocked, id=19000, stack(0x000000fc23600000,0x000000fc23700000)]
  0x000002ced623e800 JavaThread "Cache worker for Java compile cache (D:\Documents\GitHub\trabalhoDevMobile\.gradle\6.7.1\javaCompile)" [_thread_blocked, id=5772, stack(0x000000fc23500000,0x000000fc23600000)]
  0x000002ced623a000 JavaThread "Cache worker for Java compile cache (C:\Users\Lex\.gradle\caches\6.7.1\javaCompile)" [_thread_blocked, id=15356, stack(0x000000fc23400000,0x000000fc23500000)]
  0x000002ced623d000 JavaThread "stdout" [_thread_in_native, id=12980, stack(0x000000fc23300000,0x000000fc23400000)]
  0x000002ced6232800 JavaThread "stderr" [_thread_in_native, id=7508, stack(0x000000fc23200000,0x000000fc23300000)]
  0x000002ced6239000 JavaThread "pool-4-thread-1" [_thread_blocked, id=19192, stack(0x000000fc23100000,0x000000fc23200000)]
  0x000002ced6238800 JavaThread "WorkerExecutor Queue" [_thread_blocked, id=14916, stack(0x000000fc23000000,0x000000fc23100000)]
  0x000002ced6237000 JavaThread "Cache worker for execution history cache (D:\Documents\GitHub\trabalhoDevMobile\.gradle\6.7.1\executionHistory)" [_thread_blocked, id=18504, stack(0x000000fc22f00000,0x000000fc23000000)]
  0x000002ced6236000 JavaThread "Execution worker for ':' Thread 11" [_thread_blocked, id=11144, stack(0x000000fc22e00000,0x000000fc22f00000)]
  0x000002ced6234800 JavaThread "Execution worker for ':' Thread 10" [_thread_blocked, id=17768, stack(0x000000fc22d00000,0x000000fc22e00000)]
  0x000002ced6235800 JavaThread "Execution worker for ':' Thread 9" [_thread_blocked, id=17252, stack(0x000000fc22c00000,0x000000fc22d00000)]
  0x000002ced6234000 JavaThread "Execution worker for ':' Thread 8" [_thread_blocked, id=18424, stack(0x000000fc22b00000,0x000000fc22c00000)]
  0x000002ced6231000 JavaThread "Execution worker for ':' Thread 7" [_thread_blocked, id=15012, stack(0x000000fc22a00000,0x000000fc22b00000)]
  0x000002ced6233000 JavaThread "Execution worker for ':' Thread 6" [_thread_blocked, id=6128, stack(0x000000fc22900000,0x000000fc22a00000)]
  0x000002ced38e8800 JavaThread "Execution worker for ':' Thread 5" [_thread_blocked, id=16524, stack(0x000000fc22800000,0x000000fc22900000)]
  0x000002ced38e7800 JavaThread "Execution worker for ':' Thread 4" [_thread_blocked, id=13640, stack(0x000000fc22700000,0x000000fc22800000)]
  0x000002ced38e7000 JavaThread "Execution worker for ':' Thread 3" [_thread_blocked, id=1500, stack(0x000000fc22600000,0x000000fc22700000)]
  0x000002ced38e6000 JavaThread "Execution worker for ':' Thread 2" [_thread_blocked, id=14852, stack(0x000000fc22500000,0x000000fc22600000)]
  0x000002ced38e4800 JavaThread "Execution worker for ':'" [_thread_blocked, id=17704, stack(0x000000fc22400000,0x000000fc22500000)]
  0x000002ced38e5800 JavaThread "build event listener" [_thread_blocked, id=18200, stack(0x000000fc22300000,0x000000fc22400000)]
  0x000002ced38e4000 JavaThread "build event listener" [_thread_blocked, id=10116, stack(0x000000fc22200000,0x000000fc22300000)]
  0x000002ced38da800 JavaThread "Memory manager" [_thread_blocked, id=17864, stack(0x000000fc22100000,0x000000fc22200000)]
  0x000002ced38dc000 JavaThread "jar transforms Thread 97" [_thread_blocked, id=2216, stack(0x000000fc22000000,0x000000fc22100000)]
  0x000002ced38e1800 JavaThread "jar transforms Thread 96" [_thread_blocked, id=8372, stack(0x000000fc21f00000,0x000000fc22000000)]
  0x000002ced38da000 JavaThread "jar transforms Thread 95" [_thread_blocked, id=16396, stack(0x000000fc21e00000,0x000000fc21f00000)]
  0x000002ced38e0000 JavaThread "jar transforms Thread 94" [_thread_blocked, id=17068, stack(0x000000fc21d00000,0x000000fc21e00000)]
  0x000002ced38df800 JavaThread "jar transforms Thread 93" [_thread_blocked, id=3688, stack(0x000000fc21c00000,0x000000fc21d00000)]
  0x000002ced38de800 JavaThread "jar transforms Thread 92" [_thread_blocked, id=18136, stack(0x000000fc21b00000,0x000000fc21c00000)]
  0x000002ced38dd800 JavaThread "jar transforms Thread 91" [_thread_blocked, id=17868, stack(0x000000fc21a00000,0x000000fc21b00000)]
  0x000002ced38d9000 JavaThread "jar transforms Thread 90" [_thread_blocked, id=16668, stack(0x000000fc21900000,0x000000fc21a00000)]
  0x000002ced38dd000 JavaThread "jar transforms Thread 89" [_thread_blocked, id=7516, stack(0x000000fc21800000,0x000000fc21900000)]
  0x000002ced29e8800 JavaThread "jar transforms Thread 88" [_thread_blocked, id=6120, stack(0x000000fc21700000,0x000000fc21800000)]
  0x000002ced29e8000 JavaThread "jar transforms Thread 87" [_thread_blocked, id=19156, stack(0x000000fc21600000,0x000000fc21700000)]
  0x000002ced29ee800 JavaThread "jar transforms Thread 86" [_thread_blocked, id=2636, stack(0x000000fc21500000,0x000000fc21600000)]
  0x000002ced29ee000 JavaThread "jar transforms Thread 85" [_thread_blocked, id=12908, stack(0x000000fc21400000,0x000000fc21500000)]
  0x000002ced29e9800 JavaThread "jar transforms Thread 84" [_thread_blocked, id=9496, stack(0x000000fc21300000,0x000000fc21400000)]
  0x000002ced29e7000 JavaThread "jar transforms Thread 83" [_thread_blocked, id=1376, stack(0x000000fc21200000,0x000000fc21300000)]
  0x000002ced29ed000 JavaThread "jar transforms Thread 82" [_thread_blocked, id=18024, stack(0x000000fc21100000,0x000000fc21200000)]
  0x000002ced29eb800 JavaThread "jar transforms Thread 81" [_thread_blocked, id=1312, stack(0x000000fc21000000,0x000000fc21100000)]
  0x000002ced29ec800 JavaThread "jar transforms Thread 80" [_thread_blocked, id=3176, stack(0x000000fc20f00000,0x000000fc21000000)]
  0x000002ced29eb000 JavaThread "jar transforms Thread 79" [_thread_blocked, id=17072, stack(0x000000fc20e00000,0x000000fc20f00000)]
  0x000002ced29e6800 JavaThread "jar transforms Thread 78" [_thread_blocked, id=18752, stack(0x000000fc20d00000,0x000000fc20e00000)]
  0x000002ced29ea000 JavaThread "jar transforms Thread 77" [_thread_blocked, id=18788, stack(0x000000fc20c00000,0x000000fc20d00000)]
  0x000002ced29df800 JavaThread "jar transforms Thread 76" [_thread_blocked, id=19368, stack(0x000000fc20b00000,0x000000fc20c00000)]
  0x000002ced29e1800 JavaThread "jar transforms Thread 75" [_thread_blocked, id=19348, stack(0x000000fc20a00000,0x000000fc20b00000)]
  0x000002ced29e5800 JavaThread "jar transforms Thread 74" [_thread_blocked, id=11068, stack(0x000000fc20900000,0x000000fc20a00000)]
  0x000002ced29e0000 JavaThread "jar transforms Thread 73" [_thread_blocked, id=8048, stack(0x000000fc20800000,0x000000fc20900000)]
  0x000002ced29e2800 JavaThread "jar transforms Thread 72" [_thread_blocked, id=17600, stack(0x000000fc20700000,0x000000fc20800000)]
  0x000002ced29e4800 JavaThread "jar transforms Thread 71" [_thread_blocked, id=15504, stack(0x000000fc20600000,0x000000fc20700000)]
  0x000002ced29e4000 JavaThread "jar transforms Thread 70" [_thread_blocked, id=17456, stack(0x000000fc20500000,0x000000fc20600000)]
  0x000002ced29e3000 JavaThread "jar transforms Thread 69" [_thread_blocked, id=7956, stack(0x000000fc20400000,0x000000fc20500000)]
  0x000002ced29e1000 JavaThread "jar transforms Thread 68" [_thread_blocked, id=9360, stack(0x000000fc20300000,0x000000fc20400000)]
  0x000002ced3b4f000 JavaThread "jar transforms Thread 67" [_thread_blocked, id=18620, stack(0x000000fc20200000,0x000000fc20300000)]
  0x000002ced3b4e800 JavaThread "jar transforms Thread 66" [_thread_blocked, id=18632, stack(0x000000fc20100000,0x000000fc20200000)]
  0x000002ced3b4d800 JavaThread "jar transforms Thread 65" [_thread_blocked, id=14464, stack(0x000000fc20000000,0x000000fc20100000)]
  0x000002ced3b4d000 JavaThread "jar transforms Thread 64" [_thread_blocked, id=15848, stack(0x000000fc1ff00000,0x000000fc20000000)]
  0x000002ced3b4c000 JavaThread "jar transforms Thread 63" [_thread_blocked, id=10652, stack(0x000000fc1fe00000,0x000000fc1ff00000)]
  0x000002ced3b4b800 JavaThread "jar transforms Thread 62" [_thread_blocked, id=19176, stack(0x000000fc1fd00000,0x000000fc1fe00000)]
  0x000002ced3b49000 JavaThread "jar transforms Thread 61" [_thread_blocked, id=8300, stack(0x000000fc1fc00000,0x000000fc1fd00000)]
  0x000002ced3b4a800 JavaThread "jar transforms Thread 60" [_thread_blocked, id=1216, stack(0x000000fc1fb00000,0x000000fc1fc00000)]
  0x000002ced3b43000 JavaThread "jar transforms Thread 59" [_thread_blocked, id=17880, stack(0x000000fc1fa00000,0x000000fc1fb00000)]
  0x000002ced3b48800 JavaThread "jar transforms Thread 58" [_thread_blocked, id=14832, stack(0x000000fc1f900000,0x000000fc1fa00000)]
  0x000002ced3b4a000 JavaThread "jar transforms Thread 57" [_thread_blocked, id=18276, stack(0x000000fc1f800000,0x000000fc1f900000)]
  0x000002ced3b47000 JavaThread "jar transforms Thread 56" [_thread_blocked, id=18084, stack(0x000000fc1f700000,0x000000fc1f800000)]
  0x000002ced3b41000 JavaThread "jar transforms Thread 55" [_thread_blocked, id=19168, stack(0x000000fc1f600000,0x000000fc1f700000)]
  0x000002ced3b45800 JavaThread "jar transforms Thread 54" [_thread_blocked, id=8224, stack(0x000000fc1f500000,0x000000fc1f600000)]
  0x000002ced3b46000 JavaThread "jar transforms Thread 53" [_thread_blocked, id=2124, stack(0x000000fc1f400000,0x000000fc1f500000)]
  0x000002ced3b47800 JavaThread "jar transforms Thread 52" [_thread_blocked, id=19196, stack(0x000000fc1f300000,0x000000fc1f400000)]
  0x000002ced3b44800 JavaThread "jar transforms Thread 51" [_thread_blocked, id=17740, stack(0x000000fc1f200000,0x000000fc1f300000)]
  0x000002ced3b40000 JavaThread "jar transforms Thread 50" [_thread_blocked, id=16772, stack(0x000000fc1f100000,0x000000fc1f200000)]
  0x000002ced3b44000 JavaThread "jar transforms Thread 49" [_thread_blocked, id=1564, stack(0x000000fc1f000000,0x000000fc1f100000)]
  0x000002ced3b42800 JavaThread "jar transforms Thread 48" [_thread_blocked, id=5472, stack(0x000000fc1ef00000,0x000000fc1f000000)]
  0x000002ced3b41800 JavaThread "jar transforms Thread 47" [_thread_blocked, id=7844, stack(0x000000fc1ee00000,0x000000fc1ef00000)]
  0x000002ced1d42800 JavaThread "jar transforms Thread 46" [_thread_blocked, id=15944, stack(0x000000fc1ed00000,0x000000fc1ee00000)]
  0x000002ced1d3e800 JavaThread "jar transforms Thread 45" [_thread_blocked, id=18036, stack(0x000000fc1ec00000,0x000000fc1ed00000)]
  0x000002ced1d40000 JavaThread "jar transforms Thread 44" [_thread_blocked, id=18132, stack(0x000000fc1eb00000,0x000000fc1ec00000)]
  0x000002ced1d3e000 JavaThread "jar transforms Thread 43" [_thread_blocked, id=8316, stack(0x000000fc1ea00000,0x000000fc1eb00000)]
  0x000002ced1d3f800 JavaThread "jar transforms Thread 42" [_thread_blocked, id=10364, stack(0x000000fc1e900000,0x000000fc1ea00000)]
  0x000002ced1d41800 JavaThread "jar transforms Thread 41" [_thread_blocked, id=1112, stack(0x000000fc1e800000,0x000000fc1e900000)]
  0x000002ced1d41000 JavaThread "jar transforms Thread 40" [_thread_blocked, id=17440, stack(0x000000fc1e700000,0x000000fc1e800000)]
  0x000002ced1d37000 JavaThread "jar transforms Thread 39" [_thread_blocked, id=3360, stack(0x000000fc1e600000,0x000000fc1e700000)]
  0x000002ced1d36800 JavaThread "jar transforms Thread 38" [_thread_blocked, id=16736, stack(0x000000fc1e500000,0x000000fc1e600000)]
  0x000002ced1d3d000 JavaThread "jar transforms Thread 37" [_thread_blocked, id=11960, stack(0x000000fc1e400000,0x000000fc1e500000)]
  0x000002ced1d3c800 JavaThread "jar transforms Thread 36" [_thread_blocked, id=2556, stack(0x000000fc1e300000,0x000000fc1e400000)]
  0x000002ced1d3b800 JavaThread "jar transforms Thread 35" [_thread_blocked, id=18252, stack(0x000000fc1e200000,0x000000fc1e300000)]
  0x000002ced1d38800 JavaThread "jar transforms Thread 34" [_thread_blocked, id=19104, stack(0x000000fc1e100000,0x000000fc1e200000)]
  0x000002ced1d35800 JavaThread "jar transforms Thread 33" [_thread_blocked, id=18008, stack(0x000000fc1e000000,0x000000fc1e100000)]
  0x000002ced1d3b000 JavaThread "jar transforms Thread 32" [_thread_blocked, id=16656, stack(0x000000fc1df00000,0x000000fc1e000000)]
  0x000002ced1d3a000 JavaThread "jar transforms Thread 31" [_thread_blocked, id=17532, stack(0x000000fc1de00000,0x000000fc1df00000)]
  0x000002ced1d34000 JavaThread "jar transforms Thread 30" [_thread_blocked, id=11232, stack(0x000000fc1dd00000,0x000000fc1de00000)]
  0x000002ced1d33000 JavaThread "jar transforms Thread 29" [_thread_blocked, id=17648, stack(0x000000fc1dc00000,0x000000fc1dd00000)]
  0x000002ced1d39800 JavaThread "jar transforms Thread 28" [_thread_blocked, id=2596, stack(0x000000fc1db00000,0x000000fc1dc00000)]
  0x000002ced1d38000 JavaThread "jar transforms Thread 27" [_thread_blocked, id=18244, stack(0x000000fc1da00000,0x000000fc1db00000)]
  0x000002ced1d34800 JavaThread "jar transforms Thread 26" [_thread_blocked, id=18824, stack(0x000000fc1d900000,0x000000fc1da00000)]
  0x000002ced3cc1000 JavaThread "jar transforms Thread 25" [_thread_blocked, id=17972, stack(0x000000fc1d800000,0x000000fc1d900000)]
  0x000002ced3cbf800 JavaThread "jar transforms Thread 24" [_thread_blocked, id=12428, stack(0x000000fc1d700000,0x000000fc1d800000)]
  0x000002ced3cc3000 JavaThread "jar transforms Thread 23" [_thread_blocked, id=14208, stack(0x000000fc1d600000,0x000000fc1d700000)]
  0x000002ced3cbe800 JavaThread "jar transforms Thread 22" [_thread_blocked, id=5848, stack(0x000000fc1d500000,0x000000fc1d600000)]
  0x000002ced3cc2800 JavaThread "jar transforms Thread 21" [_thread_blocked, id=19088, stack(0x000000fc1d400000,0x000000fc1d500000)]
  0x000002ced3cc1800 JavaThread "jar transforms Thread 20" [_thread_blocked, id=8456, stack(0x000000fc1d300000,0x000000fc1d400000)]
  0x000002ced3cbd000 JavaThread "jar transforms Thread 19" [_thread_blocked, id=19340, stack(0x000000fc1d200000,0x000000fc1d300000)]
  0x000002ced3cbe000 JavaThread "jar transforms Thread 18" [_thread_blocked, id=16720, stack(0x000000fc1d100000,0x000000fc1d200000)]
  0x000002ced3cbc800 JavaThread "jar transforms Thread 17" [_thread_blocked, id=1536, stack(0x000000fc1d000000,0x000000fc1d100000)]
  0x000002ced3cc0000 JavaThread "jar transforms Thread 16" [_thread_blocked, id=15248, stack(0x000000fc1cf00000,0x000000fc1d000000)]
  0x000002ced3cb7000 JavaThread "jar transforms Thread 15" [_thread_blocked, id=3284, stack(0x000000fc1ce00000,0x000000fc1cf00000)]
  0x000002ced3cb6800 JavaThread "jar transforms Thread 14" [_thread_blocked, id=18296, stack(0x000000fc1cd00000,0x000000fc1ce00000)]
  0x000002ced3cbb800 JavaThread "jar transforms Thread 13" [_thread_blocked, id=18712, stack(0x000000fc1cc00000,0x000000fc1cd00000)]
  0x000002ced3cba000 JavaThread "jar transforms Thread 12" [_thread_blocked, id=19160, stack(0x000000fc1cb00000,0x000000fc1cc00000)]
  0x000002ced3cb5000 JavaThread "jar transforms Thread 11" [_thread_blocked, id=2708, stack(0x000000fc1ca00000,0x000000fc1cb00000)]
  0x000002ced3cb9800 JavaThread "jar transforms Thread 10" [_thread_blocked, id=18480, stack(0x000000fc1c900000,0x000000fc1ca00000)]
  0x000002ced3cb8800 JavaThread "jar transforms Thread 9" [_thread_blocked, id=14596, stack(0x000000fc1c800000,0x000000fc1c900000)]
  0x000002ced3cb4000 JavaThread "jar transforms Thread 8" [_thread_blocked, id=16392, stack(0x000000fc1c700000,0x000000fc1c800000)]
  0x000002ced3cb5800 JavaThread "jar transforms Thread 7" [_thread_blocked, id=18016, stack(0x000000fc1c600000,0x000000fc1c700000)]
  0x000002ced3cbb000 JavaThread "jar transforms Thread 6" [_thread_blocked, id=15136, stack(0x000000fc1c500000,0x000000fc1c600000)]
  0x000002ced3cb8000 JavaThread "jar transforms Thread 5" [_thread_blocked, id=13580, stack(0x000000fc1c400000,0x000000fc1c500000)]
  0x000002ced367f800 JavaThread "jar transforms Thread 4" [_thread_blocked, id=3172, stack(0x000000fc1c300000,0x000000fc1c400000)]
  0x000002ced367e000 JavaThread "jar transforms Thread 3" [_thread_blocked, id=2624, stack(0x000000fc1c200000,0x000000fc1c300000)]
  0x000002ced367b000 JavaThread "jar transforms Thread 2" [_thread_blocked, id=14576, stack(0x000000fc1c100000,0x000000fc1c200000)]
  0x000002ced367c800 JavaThread "Build operations Thread 12" [_thread_blocked, id=16892, stack(0x000000fc1c000000,0x000000fc1c100000)]
  0x000002ced367b800 JavaThread "Build operations Thread 11" [_thread_blocked, id=8860, stack(0x000000fc1bf00000,0x000000fc1c000000)]
  0x000002ced367e800 JavaThread "Build operations Thread 10" [_thread_blocked, id=14552, stack(0x000000fc1be00000,0x000000fc1bf00000)]
  0x000002ced367a000 JavaThread "Build operations Thread 9" [_thread_blocked, id=10084, stack(0x000000fc1bd00000,0x000000fc1be00000)]
  0x000002ced367d000 JavaThread "Build operations Thread 8" [_thread_blocked, id=15696, stack(0x000000fc1bc00000,0x000000fc1bd00000)]
  0x000002ced3672800 JavaThread "Build operations Thread 7" [_thread_blocked, id=5784, stack(0x000000fc1bb00000,0x000000fc1bc00000)]
  0x000002ced3673800 JavaThread "Build operations Thread 6" [_thread_blocked, id=13884, stack(0x000000fc1ba00000,0x000000fc1bb00000)]
  0x000002ced3679800 JavaThread "Build operations Thread 5" [_thread_blocked, id=13804, stack(0x000000fc1b900000,0x000000fc1ba00000)]
  0x000002ced3672000 JavaThread "Build operations Thread 4" [_thread_blocked, id=7488, stack(0x000000fc1b800000,0x000000fc1b900000)]
  0x000002ced3678800 JavaThread "Build operations Thread 3" [_thread_blocked, id=15524, stack(0x000000fc1b700000,0x000000fc1b800000)]
  0x000002ced3678000 JavaThread "Build operations Thread 2" [_thread_blocked, id=17884, stack(0x000000fc1b600000,0x000000fc1b700000)]
  0x000002ced3674000 JavaThread "Build operations" [_thread_blocked, id=17836, stack(0x000000fc1b500000,0x000000fc1b600000)]
  0x000002ced3671000 JavaThread "Cache worker for Build Output Cleanup Cache (D:\Documents\GitHub\trabalhoDevMobile\.gradle\buildOutputCleanup)" [_thread_blocked, id=15384, stack(0x000000fc1b400000,0x000000fc1b500000)]
  0x000002ced3675800 JavaThread "Cache worker for file content cache (C:\Users\Lex\.gradle\caches\6.7.1\fileContent)" [_thread_blocked, id=16480, stack(0x000000fc1b300000,0x000000fc1b400000)]
  0x000002ced3675000 JavaThread "jar transforms" [_thread_blocked, id=10372, stack(0x000000fc1b200000,0x000000fc1b300000)]
  0x000002cecd6a0800 JavaThread "Cache worker for execution history cache (C:\Users\Lex\.gradle\caches\6.7.1\executionHistory)" [_thread_blocked, id=17876, stack(0x000000fc1b100000,0x000000fc1b200000)]
  0x000002cecd6a0000 JavaThread "Cache worker for cache directory md-rule (C:\Users\Lex\.gradle\caches\6.7.1\md-rule)" [_thread_blocked, id=14952, stack(0x000000fc1b000000,0x000000fc1b100000)]
  0x000002cecd69f000 JavaThread "Cache worker for cache directory md-supplier (C:\Users\Lex\.gradle\caches\6.7.1\md-supplier)" [_thread_blocked, id=8268, stack(0x000000fc1af00000,0x000000fc1b000000)]
  0x000002cecd69d000 JavaThread "Cache worker for checksums cache (D:\Documents\GitHub\trabalhoDevMobile\.gradle\checksums)" [_thread_blocked, id=17472, stack(0x000000fc1ae00000,0x000000fc1af00000)]
  0x000002cecd69c000 JavaThread "Cache worker for file hash cache (D:\Documents\GitHub\trabalhoDevMobile\.gradle\6.7.1\fileHashes)" [_thread_blocked, id=18748, stack(0x000000fc1ad00000,0x000000fc1ae00000)]
  0x000002cecd69b800 JavaThread "Cache worker for journal cache (C:\Users\Lex\.gradle\caches\journal-1)" [_thread_blocked, id=15624, stack(0x000000fc1ac00000,0x000000fc1ad00000)]
  0x000002cecd6a1800 JavaThread "File lock request listener" [_thread_in_native, id=16872, stack(0x000000fc1ab00000,0x000000fc1ac00000)]
  0x000002cecd69d800 JavaThread "Cache worker for file hash cache (C:\Users\Lex\.gradle\caches\6.7.1\fileHashes)" [_thread_blocked, id=5432, stack(0x000000fc1aa00000,0x000000fc1ab00000)]
  0x000002ced12d2800 JavaThread "Thread-9" [_thread_blocked, id=7568, stack(0x000000fc1a900000,0x000000fc1aa00000)]
  0x000002ced0b7d000 JavaThread "Stdin handler" [_thread_blocked, id=17940, stack(0x000000fc1a800000,0x000000fc1a900000)]
  0x000002ced0b7b000 JavaThread "Asynchronous log dispatcher for DefaultDaemonConnection: socket connection from /127.0.0.1:59583 to /127.0.0.1:59584" [_thread_blocked, id=12840, stack(0x000000fc1a700000,0x000000fc1a800000)]
  0x000002ced0b8b000 JavaThread "Daemon worker" [_thread_blocked, id=18224, stack(0x000000fc1a600000,0x000000fc1a700000)]
  0x000002ced0b8a800 JavaThread "Cancel handler" [_thread_blocked, id=3008, stack(0x000000fc1a500000,0x000000fc1a600000)]
  0x000002ced0b61000 JavaThread "Handler for socket connection from /127.0.0.1:59583 to /127.0.0.1:59584" [_thread_in_native, id=1792, stack(0x000000fc1a400000,0x000000fc1a500000)]
  0x000002ced0b52000 JavaThread "Daemon" [_thread_blocked, id=6240, stack(0x000000fc1a300000,0x000000fc1a400000)]
  0x000002ced0af7000 JavaThread "Daemon periodic checks" [_thread_blocked, id=9536, stack(0x000000fc1a200000,0x000000fc1a300000)]
  0x000002ced0ad9000 JavaThread "Incoming local TCP Connector on port 59583" [_thread_in_native, id=15440, stack(0x000000fc1a100000,0x000000fc1a200000)]
  0x000002ced0a3f000 JavaThread "Daemon health stats" [_thread_blocked, id=13272, stack(0x000000fc19e00000,0x000000fc19f00000)]
  0x000002ceceec3000 JavaThread "Service Thread" daemon [_thread_blocked, id=15648, stack(0x000000fc19c00000,0x000000fc19d00000)]
  0x000002cecd6a2000 JavaThread "C1 CompilerThread3" daemon [_thread_blocked, id=6480, stack(0x000000fc19b00000,0x000000fc19c00000)]
  0x000002cecd696000 JavaThread "C2 CompilerThread2" daemon [_thread_in_native, id=8608, stack(0x000000fc19a00000,0x000000fc19b00000)]
=>0x000002cecd688000 JavaThread "C2 CompilerThread1" daemon [_thread_in_native, id=19376, stack(0x000000fc19900000,0x000000fc19a00000)]
  0x000002cecd685000 JavaThread "C2 CompilerThread0" daemon [_thread_in_native, id=15376, stack(0x000000fc19800000,0x000000fc19900000)]
  0x000002cecd67b800 JavaThread "Attach Listener" daemon [_thread_blocked, id=3848, stack(0x000000fc19700000,0x000000fc19800000)]
  0x000002cecd682000 JavaThread "Signal Dispatcher" daemon [_thread_blocked, id=18408, stack(0x000000fc19600000,0x000000fc19700000)]
  0x000002cecc7ec000 JavaThread "Finalizer" daemon [_thread_blocked, id=18760, stack(0x000000fc19500000,0x000000fc19600000)]
  0x000002cecd653800 JavaThread "Reference Handler" daemon [_thread_blocked, id=6388, stack(0x000000fc19400000,0x000000fc19500000)]
  0x000002ceb65b0000 JavaThread "main" [_thread_blocked, id=2376, stack(0x000000fc18800000,0x000000fc18900000)]

Other Threads:
  0x000002cecd626000 VMThread [stack: 0x000000fc19300000,0x000000fc19400000] [id=13336]
  0x000002cecd6be800 WatcherThread [stack: 0x000000fc19d00000,0x000000fc19e00000] [id=15160]

VM state:not at safepoint (normal execution)

VM Mutex/Monitor currently owned by a thread:  ([mutex/lock_event])
[0x000002ceb65a1800] CodeCache_lock - owner thread: 0x0000000000000000

heap address: 0x0000000080000000, size: 2048 MB, Compressed Oops mode: 32-bit
Narrow klass base: 0x0000000000000000, Narrow klass shift: 3
Compressed class space size: 1073741824 Address: 0x0000000100000000

Heap:
 PSYoungGen      total 384000K, used 301162K [0x00000000d5580000, 0x00000000f5800000, 0x0000000100000000)
  eden space 343552K, 87% used [0x00000000d5580000,0x00000000e7b9a9e0,0x00000000ea500000)
  from space 40448K, 0% used [0x00000000ea500000,0x00000000ea500000,0x00000000ecc80000)
  to   space 44032K, 0% used [0x00000000f2d00000,0x00000000f2d00000,0x00000000f5800000)
 ParOldGen       total 342528K, used 79641K [0x0000000080000000, 0x0000000094e80000, 0x00000000d5580000)
  object space 342528K, 23% used [0x0000000080000000,0x0000000084dc65c0,0x0000000094e80000)
 Metaspace       used 89325K, capacity 93894K, committed 100608K, reserved 1134592K
  class space    used 12408K, capacity 13215K, committed 15104K, reserved 1048576K

Card table byte_map: [0x000002cec7430000,0x000002cec7840000] byte_map_base: 0x000002cec7030000

Marking Bits: (ParMarkBitMap*) 0x000000006fef6ff0
 Begin Bits: [0x000002cec7af0000, 0x000002cec9af0000)
 End Bits:   [0x000002cec9af0000, 0x000002cecbaf0000)

Polling page: 0x000002ceb67f0000

CodeCache: size=245760Kb used=34037Kb max_used=34037Kb free=211722Kb
 bounds [0x000002ceb8070000, 0x000002ceba1e0000, 0x000002cec7070000]
 total_blobs=11955 nmethods=11095 adapters=772
 compilation: enabled

Compilation events (10 events):
Event: 9.332 Thread 0x000002cecd6a2000 13005 %     3       com.android.tools.r8.graph.C1::a @ 52 (104 bytes)
Event: 9.333 Thread 0x000002cecd6a2000 nmethod 13005% 0x000002ceb98ad350 code [0x000002ceb98ad5a0, 0x000002ceb98ae290]
Event: 9.333 Thread 0x000002cecd6a2000 13006       3       com.android.tools.r8.graph.C1::a (104 bytes)
Event: 9.333 Thread 0x000002cecd6a2000 nmethod 13006 0x000002ceb9341dd0 code [0x000002ceb9342020, 0x000002ceb9342cc0]
Event: 9.366 Thread 0x000002cecd6a2000 13008       2       java.util.TimSort::<init> (184 bytes)
Event: 9.366 Thread 0x000002cecd6a2000 nmethod 13008 0x000002ceb849c450 code [0x000002ceb849c5c0, 0x000002ceb849ca20]
Event: 9.366 Thread 0x000002cecd6a2000 13009       2       java.util.TimSort::minRunLength (43 bytes)
Event: 9.366 Thread 0x000002cecd6a2000 nmethod 13009 0x000002ceb8800550 code [0x000002ceb88006a0, 0x000002ceb8800838]
Event: 9.385 Thread 0x000002cecd6a2000 13010       2       java.util.TimSort::mergeForceCollapse (50 bytes)
Event: 9.385 Thread 0x000002cecd6a2000 nmethod 13010 0x000002ceb9990c10 code [0x000002ceb9990d80, 0x000002ceb9990fd0]

GC Heap History (10 events):
Event: 4.341 GC heap before
{Heap before GC invocations=11 (full 3):
 PSYoungGen      total 320000K, used 15348K [0x00000000d5580000, 0x00000000eac00000, 0x0000000100000000)
  eden space 304640K, 0% used [0x00000000d5580000,0x00000000d5580000,0x00000000e7f00000)
  from space 15360K, 99% used [0x00000000e9500000,0x00000000ea3fd330,0x00000000ea400000)
  to   space 22528K, 0% used [0x00000000e7f00000,0x00000000e7f00000,0x00000000e9500000)
 ParOldGen       total 147968K, used 25752K [0x0000000080000000, 0x0000000089080000, 0x00000000d5580000)
  object space 147968K, 17% used [0x0000000080000000,0x0000000081926028,0x0000000089080000)
 Metaspace       used 56546K, capacity 58938K, committed 59136K, reserved 1099776K
  class space    used 7975K, capacity 8432K, committed 8448K, reserved 1048576K
Event: 4.471 GC heap after
Heap after GC invocations=11 (full 3):
 PSYoungGen      total 320000K, used 0K [0x00000000d5580000, 0x00000000eac00000, 0x0000000100000000)
  eden space 304640K, 0% used [0x00000000d5580000,0x00000000d5580000,0x00000000e7f00000)
  from space 15360K, 0% used [0x00000000e9500000,0x00000000e9500000,0x00000000ea400000)
  to   space 22528K, 0% used [0x00000000e7f00000,0x00000000e7f00000,0x00000000e9500000)
 ParOldGen       total 232448K, used 39311K [0x0000000080000000, 0x000000008e300000, 0x00000000d5580000)
  object space 232448K, 16% used [0x0000000080000000,0x0000000082663f58,0x000000008e300000)
 Metaspace       used 56473K, capacity 58692K, committed 59136K, reserved 1099776K
  class space    used 7952K, capacity 8391K, committed 8448K, reserved 1048576K
}
Event: 5.818 GC heap before
{Heap before GC invocations=12 (full 3):
 PSYoungGen      total 320000K, used 304640K [0x00000000d5580000, 0x00000000eac00000, 0x0000000100000000)
  eden space 304640K, 100% used [0x00000000d5580000,0x00000000e7f00000,0x00000000e7f00000)
  from space 15360K, 0% used [0x00000000e9500000,0x00000000e9500000,0x00000000ea400000)
  to   space 22528K, 0% used [0x00000000e7f00000,0x00000000e7f00000,0x00000000e9500000)
 ParOldGen       total 232448K, used 39311K [0x0000000080000000, 0x000000008e300000, 0x00000000d5580000)
  object space 232448K, 16% used [0x0000000080000000,0x0000000082663f58,0x000000008e300000)
 Metaspace       used 69133K, capacity 72852K, committed 73216K, reserved 1112064K
  class space    used 9751K, capacity 10389K, committed 10496K, reserved 1048576K
Event: 5.832 GC heap after
Heap after GC invocations=12 (full 3):
 PSYoungGen      total 327168K, used 22496K [0x00000000d5580000, 0x00000000ee580000, 0x0000000100000000)
  eden space 304640K, 0% used [0x00000000d5580000,0x00000000d5580000,0x00000000e7f00000)
  from space 22528K, 99% used [0x00000000e7f00000,0x00000000e94f81b0,0x00000000e9500000)
  to   space 25600K, 0% used [0x00000000ecc80000,0x00000000ecc80000,0x00000000ee580000)
 ParOldGen       total 232448K, used 39624K [0x0000000080000000, 0x000000008e300000, 0x00000000d5580000)
  object space 232448K, 17% used [0x0000000080000000,0x00000000826b2188,0x000000008e300000)
 Metaspace       used 69133K, capacity 72852K, committed 73216K, reserved 1112064K
  class space    used 9751K, capacity 10389K, committed 10496K, reserved 1048576K
}
Event: 8.234 GC heap before
{Heap before GC invocations=13 (full 3):
 PSYoungGen      total 327168K, used 327136K [0x00000000d5580000, 0x00000000ee580000, 0x0000000100000000)
  eden space 304640K, 100% used [0x00000000d5580000,0x00000000e7f00000,0x00000000e7f00000)
  from space 22528K, 99% used [0x00000000e7f00000,0x00000000e94f81b0,0x00000000e9500000)
  to   space 25600K, 0% used [0x00000000ecc80000,0x00000000ecc80000,0x00000000ee580000)
 ParOldGen       total 232448K, used 39624K [0x0000000080000000, 0x000000008e300000, 0x00000000d5580000)
  object space 232448K, 17% used [0x0000000080000000,0x00000000826b2188,0x000000008e300000)
 Metaspace       used 85395K, capacity 91730K, committed 91776K, reserved 1128448K
  class space    used 12354K, capacity 13679K, committed 13696K, reserved 1048576K
Event: 8.262 GC heap after
Heap after GC invocations=13 (full 3):
 PSYoungGen      total 369152K, used 25588K [0x00000000d5580000, 0x00000000f0080000, 0x0000000100000000)
  eden space 343552K, 0% used [0x00000000d5580000,0x00000000d5580000,0x00000000ea500000)
  from space 25600K, 99% used [0x00000000ecc80000,0x00000000ee57d0e8,0x00000000ee580000)
  to   space 40448K, 0% used [0x00000000ea500000,0x00000000ea500000,0x00000000ecc80000)
 ParOldGen       total 232448K, used 70918K [0x0000000080000000, 0x000000008e300000, 0x00000000d5580000)
  object space 232448K, 30% used [0x0000000080000000,0x0000000084541998,0x000000008e300000)
 Metaspace       used 85395K, capacity 91730K, committed 91776K, reserved 1128448K
  class space    used 12354K, capacity 13679K, committed 13696K, reserved 1048576K
}
Event: 8.430 GC heap before
{Heap before GC invocations=14 (full 3):
 PSYoungGen      total 369152K, used 74546K [0x00000000d5580000, 0x00000000f0080000, 0x0000000100000000)
  eden space 343552K, 14% used [0x00000000d5580000,0x00000000d854fa10,0x00000000ea500000)
  from space 25600K, 99% used [0x00000000ecc80000,0x00000000ee57d0e8,0x00000000ee580000)
  to   space 40448K, 0% used [0x00000000ea500000,0x00000000ea500000,0x00000000ecc80000)
 ParOldGen       total 232448K, used 70918K [0x0000000080000000, 0x000000008e300000, 0x00000000d5580000)
  object space 232448K, 30% used [0x0000000080000000,0x0000000084541998,0x000000008e300000)
 Metaspace       used 90212K, capacity 98402K, committed 98560K, reserved 1132544K
  class space    used 13285K, capacity 14875K, committed 14976K, reserved 1048576K
Event: 8.445 GC heap after
Heap after GC invocations=14 (full 3):
 PSYoungGen      total 384000K, used 33101K [0x00000000d5580000, 0x00000000f5800000, 0x0000000100000000)
  eden space 343552K, 0% used [0x00000000d5580000,0x00000000d5580000,0x00000000ea500000)
  from space 40448K, 81% used [0x00000000ea500000,0x00000000ec553450,0x00000000ecc80000)
  to   space 44032K, 0% used [0x00000000f2d00000,0x00000000f2d00000,0x00000000f5800000)
 ParOldGen       total 232448K, used 70926K [0x0000000080000000, 0x000000008e300000, 0x00000000d5580000)
  object space 232448K, 30% used [0x0000000080000000,0x0000000084543998,0x000000008e300000)
 Metaspace       used 90212K, capacity 98402K, committed 98560K, reserved 1132544K
  class space    used 13285K, capacity 14875K, committed 14976K, reserved 1048576K
}
Event: 8.445 GC heap before
{Heap before GC invocations=15 (full 4):
 PSYoungGen      total 384000K, used 33101K [0x00000000d5580000, 0x00000000f5800000, 0x0000000100000000)
  eden space 343552K, 0% used [0x00000000d5580000,0x00000000d5580000,0x00000000ea500000)
  from space 40448K, 81% used [0x00000000ea500000,0x00000000ec553450,0x00000000ecc80000)
  to   space 44032K, 0% used [0x00000000f2d00000,0x00000000f2d00000,0x00000000f5800000)
 ParOldGen       total 232448K, used 70926K [0x0000000080000000, 0x000000008e300000, 0x00000000d5580000)
  object space 232448K, 30% used [0x0000000080000000,0x0000000084543998,0x000000008e300000)
 Metaspace       used 90212K, capacity 98402K, committed 98560K, reserved 1132544K
  class space    used 13285K, capacity 14875K, committed 14976K, reserved 1048576K
Event: 8.574 GC heap after
Heap after GC invocations=15 (full 4):
 PSYoungGen      total 384000K, used 0K [0x00000000d5580000, 0x00000000f5800000, 0x0000000100000000)
  eden space 343552K, 0% used [0x00000000d5580000,0x00000000d5580000,0x00000000ea500000)
  from space 40448K, 0% used [0x00000000ea500000,0x00000000ea500000,0x00000000ecc80000)
  to   space 44032K, 0% used [0x00000000f2d00000,0x00000000f2d00000,0x00000000f5800000)
 ParOldGen       total 342528K, used 79641K [0x0000000080000000, 0x0000000094e80000, 0x00000000d5580000)
  object space 342528K, 23% used [0x0000000080000000,0x0000000084dc65c0,0x0000000094e80000)
 Metaspace       used 87016K, capacity 91068K, committed 98560K, reserved 1132544K
  class space    used 12120K, capacity 12848K, committed 14976K, reserved 1048576K
}

Deoptimization events (10 events):
Event: 8.849 Thread 0x000002ced5a47800 Uncommon trap: reason=unstable_if action=reinterpret pc=0x000002ceb87e1f30 method=com.android.tools.r8.dex.n.m()V @ 22
Event: 8.849 Thread 0x000002ced5a47800 Uncommon trap: reason=unstable_if action=reinterpret pc=0x000002ceb997f550 method=com.android.tools.r8.s.a.b.l.d.a(Ljava/lang/Object;Z)Lcom/android/tools/r8/s/a/b/l/f; @ 15
Event: 8.936 Thread 0x000002ced5a51000 Uncommon trap: reason=unstable_if action=reinterpret pc=0x000002ceb94fd6c4 method=com.android.tools.r8.graph.o0.c(Ljava/lang/Object;)Z @ 37
Event: 8.967 Thread 0x000002ced5a51000 Uncommon trap: reason=unstable_if action=reinterpret pc=0x000002ceb9fefbb0 method=com.android.tools.r8.dex.n.i()Lcom/android/tools/r8/graph/t0; @ 43
Event: 9.122 Thread 0x000002ced5a47800 Uncommon trap: reason=class_check action=maybe_recompile pc=0x000002ceb9ebe984 method=com.android.tools.r8.graph.n0.a(Lcom/android/tools/r8/dex/v;Lcom/android/tools/r8/graph/K1;)V @ 49
Event: 9.122 Thread 0x000002ced5a47800 Uncommon trap: reason=class_check action=maybe_recompile pc=0x000002ceb9ebe984 method=com.android.tools.r8.graph.n0.a(Lcom/android/tools/r8/dex/v;Lcom/android/tools/r8/graph/K1;)V @ 49
Event: 9.123 Thread 0x000002ced5a47800 Uncommon trap: reason=class_check action=maybe_recompile pc=0x000002ceb9ebe984 method=com.android.tools.r8.graph.n0.a(Lcom/android/tools/r8/dex/v;Lcom/android/tools/r8/graph/K1;)V @ 49
Event: 9.123 Thread 0x000002ced5a47800 Uncommon trap: reason=class_check action=maybe_recompile pc=0x000002ceb9ebe984 method=com.android.tools.r8.graph.n0.a(Lcom/android/tools/r8/dex/v;Lcom/android/tools/r8/graph/K1;)V @ 49
Event: 9.270 Thread 0x000002ced5a47800 Uncommon trap: reason=array_check action=maybe_recompile pc=0x000002ceb9eb2f80 method=java.util.TimSort.binarySort([Ljava/lang/Object;IIILjava/util/Comparator;)V @ 183
Event: 9.270 Thread 0x000002ced5a47800 Uncommon trap: reason=array_check action=maybe_recompile pc=0x000002ceb9eb2f80 method=java.util.TimSort.binarySort([Ljava/lang/Object;IIILjava/util/Comparator;)V @ 183

Classes redefined (0 events):
No events

Internal exceptions (10 events):
Event: 8.171 Thread 0x000002ced6238800 Exception <a 'java/lang/IncompatibleClassChangeError': Found class java.lang.Object, but interface was expected> (0x00000000e6c1df18) thrown at [C:\jenkins\workspace\8-2-build-windows-amd64-cygwin\jdk8u281\880\hotspot\src\share\vm\interpreter\linkResolver
Event: 8.171 Thread 0x000002ced623a800 Exception <a 'java/lang/IncompatibleClassChangeError': Found class java.lang.Object, but interface was expected> (0x00000000e6cec138) thrown at [C:\jenkins\workspace\8-2-build-windows-amd64-cygwin\jdk8u281\880\hotspot\src\share\vm\interpreter\linkResolver
Event: 8.171 Thread 0x000002ced5a48000 Exception <a 'java/lang/IncompatibleClassChangeError': Found class java.lang.Object, but interface was expected> (0x00000000e6d067c8) thrown at [C:\jenkins\workspace\8-2-build-windows-amd64-cygwin\jdk8u281\880\hotspot\src\share\vm\interpreter\linkResolver
Event: 8.171 Thread 0x000002ced5a43000 Exception <a 'java/lang/IncompatibleClassChangeError': Found class java.lang.Object, but interface was expected> (0x00000000e6d2fce8) thrown at [C:\jenkins\workspace\8-2-build-windows-amd64-cygwin\jdk8u281\880\hotspot\src\share\vm\interpreter\linkResolver
Event: 8.346 Thread 0x000002ced5a49000 Exception <a 'java/lang/NoSuchMethodError': java.lang.Object.b(Lcom/android/tools/r8/graph/Q1$b;)Lcom/android/tools/r8/graph/Q1$b;> (0x00000000d6491e78) thrown at [C:\jenkins\workspace\8-2-build-windows-amd64-cygwin\jdk8u281\880\hotspot\src\share\vm\inter
Event: 8.579 Thread 0x000002ced6238800 Exception <a 'sun/nio/fs/WindowsException'> (0x00000000d562d5d0) thrown at [C:\jenkins\workspace\8-2-build-windows-amd64-cygwin\jdk8u281\880\hotspot\src\share\vm\prims\jni.cpp, line 710]
Event: 8.579 Thread 0x000002ced5a49000 Exception <a 'sun/nio/fs/WindowsException'> (0x00000000d55a7048) thrown at [C:\jenkins\workspace\8-2-build-windows-amd64-cygwin\jdk8u281\880\hotspot\src\share\vm\prims\jni.cpp, line 710]
Event: 8.583 Thread 0x000002ced6238800 Exception <a 'sun/nio/fs/WindowsException'> (0x00000000d567d688) thrown at [C:\jenkins\workspace\8-2-build-windows-amd64-cygwin\jdk8u281\880\hotspot\src\share\vm\prims\jni.cpp, line 710]
Event: 8.594 Thread 0x000002ced623a800 Exception <a 'sun/nio/fs/WindowsException'> (0x00000000d61314a8) thrown at [C:\jenkins\workspace\8-2-build-windows-amd64-cygwin\jdk8u281\880\hotspot\src\share\vm\prims\jni.cpp, line 710]
Event: 8.779 Thread 0x000002ced5a47800 Exception <a 'sun/nio/fs/WindowsException'> (0x00000000d82a8f40) thrown at [C:\jenkins\workspace\8-2-build-windows-amd64-cygwin\jdk8u281\880\hotspot\src\share\vm\prims\jni.cpp, line 710]

Events (10 events):
Event: 9.266 Thread 0x000002ced5a47800 DEOPT PACKING pc=0x000002ceb9e63032 sp=0x000000fc23afd830
Event: 9.266 Thread 0x000002ced5a47800 DEOPT UNPACKING pc=0x000002ceb80b7498 sp=0x000000fc23afd588 mode 0
Event: 9.266 Thread 0x000002ced5a47800 DEOPT PACKING pc=0x000002ceb9e63032 sp=0x000000fc23afd830
Event: 9.266 Thread 0x000002ced5a47800 DEOPT UNPACKING pc=0x000002ceb80b7498 sp=0x000000fc23afd588 mode 0
Event: 9.270 Thread 0x000002ced5a47800 Uncommon trap: trap_request=0xffffffd6 fr.pc=0x000002ceb9eb2f80
Event: 9.270 Thread 0x000002ced5a47800 DEOPT PACKING pc=0x000002ceb9eb2f80 sp=0x000000fc23afd820
Event: 9.270 Thread 0x000002ced5a47800 DEOPT UNPACKING pc=0x000002ceb80b5843 sp=0x000000fc23afd7c0 mode 2
Event: 9.270 Thread 0x000002ced5a47800 Uncommon trap: trap_request=0xffffffd6 fr.pc=0x000002ceb9eb2f80
Event: 9.270 Thread 0x000002ced5a47800 DEOPT PACKING pc=0x000002ceb9eb2f80 sp=0x000000fc23afd820
Event: 9.270 Thread 0x000002ced5a47800 DEOPT UNPACKING pc=0x000002ceb80b5843 sp=0x000000fc23afd7c0 mode 2


Dynamic libraries:
0x00007ff765500000 - 0x00007ff765547000 	C:\Program Files\Java\jdk1.8.0_281\bin\java.exe
0x00007ffc14070000 - 0x00007ffc14265000 	C:\WINDOWS\SYSTEM32\ntdll.dll
0x00007ffbe50f0000 - 0x00007ffbe5105000 	C:\Program Files\Avast Software\Avast\aswhook.dll
0x00007ffc12220000 - 0x00007ffc122de000 	C:\WINDOWS\System32\KERNEL32.DLL
0x00007ffc11c70000 - 0x00007ffc11f39000 	C:\WINDOWS\System32\KERNELBASE.dll
0x00007ffc13ed0000 - 0x00007ffc13f7c000 	C:\WINDOWS\System32\ADVAPI32.dll
0x00007ffc128e0000 - 0x00007ffc1297e000 	C:\WINDOWS\System32\msvcrt.dll
0x00007ffc13ad0000 - 0x00007ffc13b6b000 	C:\WINDOWS\System32\sechost.dll
0x00007ffc12550000 - 0x00007ffc1267a000 	C:\WINDOWS\System32\RPCRT4.dll
0x00007ffc12cc0000 - 0x00007ffc12e61000 	C:\WINDOWS\System32\USER32.dll
0x00007ffc11c40000 - 0x00007ffc11c62000 	C:\WINDOWS\System32\win32u.dll
0x00007ffc12e70000 - 0x00007ffc12e9b000 	C:\WINDOWS\System32\GDI32.dll
0x00007ffc11a80000 - 0x00007ffc11b8b000 	C:\WINDOWS\System32\gdi32full.dll
0x00007ffc119e0000 - 0x00007ffc11a7d000 	C:\WINDOWS\System32\msvcp_win.dll
0x00007ffc11f70000 - 0x00007ffc12070000 	C:\WINDOWS\System32\ucrtbase.dll
0x00007ffc03de0000 - 0x00007ffc0407a000 	C:\WINDOWS\WinSxS\amd64_microsoft.windows.common-controls_6595b64144ccf1df_6.0.19041.1110_none_60b5254171f9507e\COMCTL32.dll
0x00007ffc12180000 - 0x00007ffc121b0000 	C:\WINDOWS\System32\IMM32.DLL
0x00007ffc0cec0000 - 0x00007ffc0ced5000 	C:\Program Files\Java\jdk1.8.0_281\jre\bin\vcruntime140.dll
0x00007ffc00d50000 - 0x00007ffc00deb000 	C:\Program Files\Java\jdk1.8.0_281\jre\bin\msvcp140.dll
0x000000006f710000 - 0x000000006ff6f000 	C:\Program Files\Java\jdk1.8.0_281\jre\bin\server\jvm.dll
0x00007ffc12540000 - 0x00007ffc12548000 	C:\WINDOWS\System32\PSAPI.DLL
0x00007ffc03bc0000 - 0x00007ffc03bc9000 	C:\WINDOWS\SYSTEM32\WSOCK32.dll
0x00007ffc121b0000 - 0x00007ffc1221b000 	C:\WINDOWS\System32\WS2_32.dll
0x00007ffc04ce0000 - 0x00007ffc04d07000 	C:\WINDOWS\SYSTEM32\WINMM.dll
0x00007ffc0b680000 - 0x00007ffc0b68a000 	C:\WINDOWS\SYSTEM32\VERSION.dll
0x00007ffc0f6b0000 - 0x00007ffc0f6c2000 	C:\WINDOWS\SYSTEM32\kernel.appcore.dll
0x00007ffc0ceb0000 - 0x00007ffc0cec0000 	C:\Program Files\Java\jdk1.8.0_281\jre\bin\verify.dll
0x00007ffc03af0000 - 0x00007ffc03b1b000 	C:\Program Files\Java\jdk1.8.0_281\jre\bin\java.dll
0x00007ffc08c90000 - 0x00007ffc08ca8000 	C:\Program Files\Java\jdk1.8.0_281\jre\bin\zip.dll
0x00007ffc13330000 - 0x00007ffc13a6f000 	C:\WINDOWS\System32\SHELL32.dll
0x00007ffc0f8b0000 - 0x00007ffc10040000 	C:\WINDOWS\SYSTEM32\windows.storage.dll
0x00007ffc13b70000 - 0x00007ffc13ec5000 	C:\WINDOWS\System32\combase.dll
0x00007ffc111e0000 - 0x00007ffc1120c000 	C:\WINDOWS\SYSTEM32\Wldp.dll
0x00007ffc13f80000 - 0x00007ffc1402e000 	C:\WINDOWS\System32\SHCORE.dll
0x00007ffc120c0000 - 0x00007ffc12115000 	C:\WINDOWS\System32\shlwapi.dll
0x00007ffc116d0000 - 0x00007ffc116ef000 	C:\WINDOWS\SYSTEM32\profapi.dll
0x00007ffc03a50000 - 0x00007ffc03a6c000 	C:\Program Files\Java\jdk1.8.0_281\jre\bin\net.dll
0x00007ffc10ed0000 - 0x00007ffc10f3a000 	C:\WINDOWS\system32\mswsock.dll
0x00007ffc00d30000 - 0x00007ffc00d43000 	C:\Program Files\Java\jdk1.8.0_281\jre\bin\nio.dll
0x00007ffbed2d0000 - 0x00007ffbed2f7000 	C:\Users\Lex\.gradle\native\fdc75f09e3144964f2cf3f50f0aa648679c211496f362492102eb8c894070792\windows-amd64\native-platform.dll
0x00007ffbc8c20000 - 0x00007ffbc8db6000 	C:\Users\Lex\.gradle\native\12488b8bf47d2d4c9fbf2f6322a914ad602e24e48041cd04a747c6da556b65c4\windows-amd64\native-platform-file-events.dll
0x00007ffc00d20000 - 0x00007ffc00d2d000 	C:\Program Files\Java\jdk1.8.0_281\jre\bin\management.dll
0x00007ffc11130000 - 0x00007ffc11148000 	C:\WINDOWS\SYSTEM32\CRYPTSP.dll
0x00007ffc107f0000 - 0x00007ffc10824000 	C:\WINDOWS\system32\rsaenh.dll
0x00007ffc11f40000 - 0x00007ffc11f67000 	C:\WINDOWS\System32\bcrypt.dll
0x00007ffc11690000 - 0x00007ffc116be000 	C:\WINDOWS\SYSTEM32\USERENV.dll
0x00007ffc11950000 - 0x00007ffc119d3000 	C:\WINDOWS\System32\bcryptprimitives.dll
0x00007ffc11150000 - 0x00007ffc1115c000 	C:\WINDOWS\SYSTEM32\CRYPTBASE.dll
0x00007ffc10b60000 - 0x00007ffc10b9b000 	C:\WINDOWS\SYSTEM32\IPHLPAPI.DLL
0x00007ffc12700000 - 0x00007ffc12708000 	C:\WINDOWS\System32\NSI.dll
0x00007ffc0b5b0000 - 0x00007ffc0b5c7000 	C:\WINDOWS\SYSTEM32\dhcpcsvc6.DLL
0x00007ffc0b7b0000 - 0x00007ffc0b7cd000 	C:\WINDOWS\SYSTEM32\dhcpcsvc.DLL
0x00007ffc10c10000 - 0x00007ffc10cdc000 	C:\WINDOWS\SYSTEM32\DNSAPI.dll
0x00007ffc0be30000 - 0x00007ffc0be3b000 	C:\WINDOWS\SYSTEM32\WINNSI.DLL
0x00007ffc0a6e0000 - 0x00007ffc0a8c4000 	C:\WINDOWS\SYSTEM32\dbghelp.dll

VM Arguments:
jvm_args: -Xmx2048m -Dfile.encoding=UTF-8 -Duser.country=BR -Duser.language=pt -Duser.variant 
java_command: org.gradle.launcher.daemon.bootstrap.GradleDaemon 6.7.1
java_class_path (initial): C:\Users\Lex\.gradle\wrapper\dists\gradle-6.7.1-bin\bwlcbys1h7rz3272sye1xwiv6\gradle-6.7.1\lib\gradle-launcher-6.7.1.jar
Launcher Type: SUN_STANDARD

Environment Variables:
JAVA_HOME=C:\Program Files\Java\jdk-15.0.2\
PATH=C:\Program Files\Java\jdk1.8.0_281\bin;C:\Program Files\Common Files\Oracle\Java\javapath;C:\Program Files (x86)\Common Files\Oracle\Java\javapath;C:\Windows\system32;C:\Windows;C:\Windows\System32\Wbem;C:\Windows\System32\WindowsPowerShell\v1.0\;C:\Windows\System32\OpenSSH\;C:\Program Files (x86)\NVIDIA Corporation\PhysX\Common;C:\Program Files\NVIDIA Corporation\NVIDIA NvDLISR;C:\WINDOWS\system32;C:\WINDOWS;C:\WINDOWS\System32\Wbem;C:\WINDOWS\System32\WindowsPowerShell\v1.0\;C:\WINDOWS\System32\OpenSSH\;C:\Program Files\Git\cmd;D:\apache-maven-3.6.3\bin;C:\Users\Lex\AppData\Local\Programs\Python\Python39\Scripts;D:\Calibre2\;C:\Program Files\erl-24.0.1\bin;C:\Program Files\MySQL\MySQL Shell 8.0\bin\;C:\Users\Lex\AppData\Local\Microsoft\WindowsApps;D:\Microsoft VS Code\bin;D:\IntelliJ IDEA Community Edition 2021.2\bin;;C:\Users\Lex\AppData\Local\GitHubDesktop\bin
USERNAME=Lex
OS=Windows_NT
PROCESSOR_IDENTIFIER=AMD64 Family 23 Model 113 Stepping 0, AuthenticAMD



---------------  S Y S T E M  ---------------

OS: Windows 10.0 , 64 bit Build 19041 (10.0.19041.1202)

CPU:total 12 (initial active 12) (12 cores per cpu, 1 threads per core) family 23 model 113 stepping 0, cmov, cx8, fxsr, mmx, sse, sse2, sse3, ssse3, sse4.1, sse4.2, popcnt, avx, avx2, aes, clmul, mmxext, 3dnowpref, lzcnt, sse4a, tsc, tscinvbit, tscinv, bmi1

Memory: 4k page, physical 16726952k(2717544k free), swap 20618152k(5364k free)

vm_info: Java HotSpot(TM) 64-Bit Server VM (25.281-b09) for windows-amd64 JRE (1.8.0_281-b09), built on Dec  9 2020 13:54:07 by "" with MS VC++ 15.9 (VS2017)

time: Sat Sep 25 16:03:17 2021
timezone: Hora oficial do Brasil
elapsed time: 9.600931 seconds (0d 0h 0m 9s)

