#
# There is insufficient memory for the Java Runtime Environment to continue.
# Native memory allocation (malloc) failed to allocate 394816 bytes for Chunk::new
# Possible reasons:
#   The system is out of physical RAM or swap space
#   The process is running with CompressedOops enabled, and the Java Heap may be blocking the growth of the native heap
# Possible solutions:
#   Reduce memory load on the system
#   Increase physical memory or swap space
#   Check if swap backing store is full
#   Decrease Java heap size (-Xmx/-Xms)
#   Decrease number of Java threads
#   Decrease Java thread stack sizes (-Xss)
#   Set larger code cache with -XX:ReservedCodeCacheSize=
#   JVM is running with Unscaled Compressed Oops mode in which the Java heap is
#     placed in the first 4GB address space. The Java Heap base address is the
#     maximum limit for the native heap growth. Please use -XX:HeapBaseMinAddress
#     to set the Java Heap base and to place the Java Heap above 4GB virtual address.
# This output file may be truncated or incomplete.
#
#  Out of Memory Error (allocation.cpp:389), pid=14504, tid=0x0000000000003aa4
#
# JRE version: Java(TM) SE Runtime Environment (8.0_281-b09) (build 1.8.0_281-b09)
# Java VM: Java HotSpot(TM) 64-Bit Server VM (25.281-b09 mixed mode windows-amd64 compressed oops)
# Failed to write core dump. Minidumps are not enabled by default on client versions of Windows
#

---------------  T H R E A D  ---------------

Current thread (0x0000022afff75800):  JavaThread "C2 CompilerThread0" daemon [_thread_in_native, id=15012, stack(0x0000009bcd200000,0x0000009bcd300000)]

Stack: [0x0000009bcd200000,0x0000009bcd300000]
Native frames: (J=compiled Java code, j=interpreted, Vv=VM code, C=native code)
V  [jvm.dll+0x32e5b9]
V  [jvm.dll+0x275012]
V  [jvm.dll+0x275cbd]
V  [jvm.dll+0x26c6f5]
V  [jvm.dll+0xd51fc]
V  [jvm.dll+0xd59fc]
V  [jvm.dll+0x4523f2]
V  [jvm.dll+0x48d85d]
V  [jvm.dll+0x441ba8]
V  [jvm.dll+0x43f664]
V  [jvm.dll+0x42a5e7]
V  [jvm.dll+0xabe9b]
V  [jvm.dll+0xaa4fb]
V  [jvm.dll+0x23d6b2]
V  [jvm.dll+0x291cbc]
C  [ucrtbase.dll+0x21bb2]
C  [KERNEL32.DLL+0x17034]
C  [ntdll.dll+0x52651]


Current CompileTask:
C2:   3175 4346       4       jdk.internal.org.objectweb.asm.Frame::execute (2252 bytes)


---------------  P R O C E S S  ---------------

Java Threads: ( => current thread )
  0x0000022a8a229000 JavaThread "jar transforms Thread 97" [_thread_blocked, id=7948, stack(0x0000009bd5a00000,0x0000009bd5b00000)]
  0x0000022a8a221800 JavaThread "jar transforms Thread 96" [_thread_blocked, id=18404, stack(0x0000009bd5900000,0x0000009bd5a00000)]
  0x0000022a8a228800 JavaThread "jar transforms Thread 95" [_thread_blocked, id=3492, stack(0x0000009bd5800000,0x0000009bd5900000)]
  0x0000022a8a223000 JavaThread "jar transforms Thread 94" [_thread_blocked, id=15136, stack(0x0000009bd5700000,0x0000009bd5800000)]
  0x0000022a8a227800 JavaThread "jar transforms Thread 93" [_thread_blocked, id=3248, stack(0x0000009bd5600000,0x0000009bd5700000)]
  0x0000022a8a227000 JavaThread "jar transforms Thread 92" [_thread_blocked, id=3480, stack(0x0000009bd5500000,0x0000009bd5600000)]
  0x0000022a8a21f800 JavaThread "jar transforms Thread 91" [_thread_blocked, id=4328, stack(0x0000009bd5400000,0x0000009bd5500000)]
  0x0000022a8a226000 JavaThread "jar transforms Thread 90" [_thread_blocked, id=14740, stack(0x0000009bd5300000,0x0000009bd5400000)]
  0x0000022a8a21e800 JavaThread "jar transforms Thread 89" [_thread_blocked, id=6788, stack(0x0000009bd5200000,0x0000009bd5300000)]
  0x0000022a8a225800 JavaThread "jar transforms Thread 88" [_thread_blocked, id=2808, stack(0x0000009bd5100000,0x0000009bd5200000)]
  0x0000022a8a221000 JavaThread "jar transforms Thread 87" [_thread_blocked, id=9988, stack(0x0000009bd5000000,0x0000009bd5100000)]
  0x0000022a8a222800 JavaThread "jar transforms Thread 86" [_thread_blocked, id=18140, stack(0x0000009bd4f00000,0x0000009bd5000000)]
  0x0000022a8a220000 JavaThread "jar transforms Thread 85" [_thread_blocked, id=13292, stack(0x0000009bd4e00000,0x0000009bd4f00000)]
  0x0000022a8a224800 JavaThread "jar transforms Thread 84" [_thread_blocked, id=17376, stack(0x0000009bd4d00000,0x0000009bd4e00000)]
  0x0000022a8ab32000 JavaThread "jar transforms Thread 83" [_thread_blocked, id=720, stack(0x0000009bd4c00000,0x0000009bd4d00000)]
  0x0000022a8ab2f000 JavaThread "jar transforms Thread 82" [_thread_blocked, id=17616, stack(0x0000009bd4b00000,0x0000009bd4c00000)]
  0x0000022a8ab2e000 JavaThread "jar transforms Thread 81" [_thread_blocked, id=17792, stack(0x0000009bd4a00000,0x0000009bd4b00000)]
  0x0000022a8ab2d800 JavaThread "jar transforms Thread 80" [_thread_blocked, id=19376, stack(0x0000009bd4900000,0x0000009bd4a00000)]
  0x0000022a8ab31000 JavaThread "jar transforms Thread 79" [_thread_blocked, id=16600, stack(0x0000009bd4800000,0x0000009bd4900000)]
  0x0000022a8ab33800 JavaThread "jar transforms Thread 78" [_thread_blocked, id=19172, stack(0x0000009bd4700000,0x0000009bd4800000)]
  0x0000022a8ab32800 JavaThread "jar transforms Thread 77" [_thread_blocked, id=7544, stack(0x0000009bd4600000,0x0000009bd4700000)]
  0x0000022a8ab2f800 JavaThread "jar transforms Thread 76" [_thread_blocked, id=11484, stack(0x0000009bd4500000,0x0000009bd4600000)]
  0x0000022a8ab30800 JavaThread "jar transforms Thread 75" [_thread_blocked, id=13240, stack(0x0000009bd4400000,0x0000009bd4500000)]
  0x0000022a8ab26000 JavaThread "jar transforms Thread 74" [_thread_blocked, id=5580, stack(0x0000009bd4300000,0x0000009bd4400000)]
  0x0000022a8ab29000 JavaThread "jar transforms Thread 73" [_thread_blocked, id=388, stack(0x0000009bd4200000,0x0000009bd4300000)]
  0x0000022a8ab27800 JavaThread "jar transforms Thread 72" [_thread_blocked, id=5708, stack(0x0000009bd4100000,0x0000009bd4200000)]
  0x0000022a8ab26800 JavaThread "jar transforms Thread 71" [_thread_blocked, id=16772, stack(0x0000009bd4000000,0x0000009bd4100000)]
  0x0000022a8ab2c800 JavaThread "jar transforms Thread 70" [_thread_blocked, id=18636, stack(0x0000009bd3f00000,0x0000009bd4000000)]
  0x0000022a8ab2c000 JavaThread "jar transforms Thread 69" [_thread_blocked, id=11404, stack(0x0000009bd3e00000,0x0000009bd3f00000)]
  0x0000022a8ab2a800 JavaThread "jar transforms Thread 68" [_thread_blocked, id=3016, stack(0x0000009bd3d00000,0x0000009bd3e00000)]
  0x0000022a8ab24800 JavaThread "jar transforms Thread 67" [_thread_blocked, id=17980, stack(0x0000009bd3c00000,0x0000009bd3d00000)]
  0x0000022a8ab29800 JavaThread "jar transforms Thread 66" [_thread_blocked, id=15848, stack(0x0000009bd3b00000,0x0000009bd3c00000)]
  0x0000022a8ab2b000 JavaThread "jar transforms Thread 65" [_thread_blocked, id=17800, stack(0x0000009bd3a00000,0x0000009bd3b00000)]
  0x0000022a8ab25000 JavaThread "jar transforms Thread 64" [_thread_blocked, id=15896, stack(0x0000009bd3900000,0x0000009bd3a00000)]
  0x0000022a8ab28000 JavaThread "jar transforms Thread 63" [_thread_blocked, id=12948, stack(0x0000009bd3800000,0x0000009bd3900000)]
  0x0000022a8cffe800 JavaThread "jar transforms Thread 62" [_thread_blocked, id=18252, stack(0x0000009bd3700000,0x0000009bd3800000)]
  0x0000022a8cfff800 JavaThread "jar transforms Thread 61" [_thread_blocked, id=17456, stack(0x0000009bd3600000,0x0000009bd3700000)]
  0x0000022a8cffd000 JavaThread "jar transforms Thread 60" [_thread_blocked, id=6480, stack(0x0000009bd3500000,0x0000009bd3600000)]
  0x0000022a8cffc800 JavaThread "jar transforms Thread 59" [_thread_blocked, id=11144, stack(0x0000009bd3400000,0x0000009bd3500000)]
  0x0000022a8cffe000 JavaThread "jar transforms Thread 58" [_thread_blocked, id=19000, stack(0x0000009bd3300000,0x0000009bd3400000)]
  0x0000022a8cff5000 JavaThread "jar transforms Thread 57" [_thread_blocked, id=19192, stack(0x0000009bd3200000,0x0000009bd3300000)]
  0x0000022a8cffb000 JavaThread "jar transforms Thread 56" [_thread_blocked, id=18388, stack(0x0000009bd3100000,0x0000009bd3200000)]
  0x0000022a8cffb800 JavaThread "jar transforms Thread 55" [_thread_blocked, id=18400, stack(0x0000009bd3000000,0x0000009bd3100000)]
  0x0000022a8cff5800 JavaThread "jar transforms Thread 54" [_thread_blocked, id=12720, stack(0x0000009bd2f00000,0x0000009bd3000000)]
  0x0000022a8cff3800 JavaThread "jar transforms Thread 53" [_thread_blocked, id=12632, stack(0x0000009bd2e00000,0x0000009bd2f00000)]
  0x0000022a8cffa000 JavaThread "jar transforms Thread 52" [_thread_blocked, id=5772, stack(0x0000009bd2d00000,0x0000009bd2e00000)]
  0x0000022a8cff4000 JavaThread "jar transforms Thread 51" [_thread_blocked, id=12980, stack(0x0000009bd2c00000,0x0000009bd2d00000)]
  0x0000022a8cff2800 JavaThread "jar transforms Thread 50" [_thread_blocked, id=7508, stack(0x0000009bd2b00000,0x0000009bd2c00000)]
  0x0000022a8cff9800 JavaThread "jar transforms Thread 49" [_thread_blocked, id=14916, stack(0x0000009bd2a00000,0x0000009bd2b00000)]
  0x0000022a8cff2000 JavaThread "jar transforms Thread 48" [_thread_blocked, id=15356, stack(0x0000009bd2900000,0x0000009bd2a00000)]
  0x0000022a8cff7000 JavaThread "jar transforms Thread 47" [_thread_blocked, id=19152, stack(0x0000009bd2800000,0x0000009bd2900000)]
  0x0000022a8cff8800 JavaThread "jar transforms Thread 46" [_thread_blocked, id=12932, stack(0x0000009bd2700000,0x0000009bd2800000)]
  0x0000022a8cff8000 JavaThread "jar transforms Thread 45" [_thread_blocked, id=14576, stack(0x0000009bd2600000,0x0000009bd2700000)]
  0x0000022a8cff6800 JavaThread "jar transforms Thread 44" [_thread_blocked, id=16152, stack(0x0000009bd2500000,0x0000009bd2600000)]
  0x0000022a8cff1000 JavaThread "jar transforms Thread 43" [_thread_blocked, id=3172, stack(0x0000009bd2400000,0x0000009bd2500000)]
  0x0000022a8cff0800 JavaThread "jar transforms Thread 42" [_thread_blocked, id=2624, stack(0x0000009bd2300000,0x0000009bd2400000)]
  0x0000022a87b89000 JavaThread "jar transforms Thread 41" [_thread_blocked, id=17732, stack(0x0000009bd2200000,0x0000009bd2300000)]
  0x0000022a87b85000 JavaThread "jar transforms Thread 40" [_thread_blocked, id=14464, stack(0x0000009bd2100000,0x0000009bd2200000)]
  0x0000022a87b89800 JavaThread "jar transforms Thread 39" [_thread_blocked, id=17432, stack(0x0000009bd2000000,0x0000009bd2100000)]
  0x0000022a87b84800 JavaThread "jar transforms Thread 38" [_thread_blocked, id=17448, stack(0x0000009bd1f00000,0x0000009bd2000000)]
  0x0000022a87b8a800 JavaThread "jar transforms Thread 37" [_thread_blocked, id=18504, stack(0x0000009bd1e00000,0x0000009bd1f00000)]
  0x0000022a87b88000 JavaThread "jar transforms Thread 36" [_thread_blocked, id=5628, stack(0x0000009bd1d00000,0x0000009bd1e00000)]
  0x0000022a87b86000 JavaThread "jar transforms Thread 35" [_thread_blocked, id=13300, stack(0x0000009bd1c00000,0x0000009bd1d00000)]
  0x0000022a87b87800 JavaThread "jar transforms Thread 34" [_thread_blocked, id=13468, stack(0x0000009bd1b00000,0x0000009bd1c00000)]
  0x0000022a87b86800 JavaThread "jar transforms Thread 33" [_thread_blocked, id=12976, stack(0x0000009bd1a00000,0x0000009bd1b00000)]
  0x0000022a87b7d000 JavaThread "jar transforms Thread 32" [_thread_blocked, id=10300, stack(0x0000009bd1900000,0x0000009bd1a00000)]
  0x0000022a87b7e800 JavaThread "jar transforms Thread 31" [_thread_blocked, id=17744, stack(0x0000009bd1800000,0x0000009bd1900000)]
  0x0000022a87b83800 JavaThread "jar transforms Thread 30" [_thread_blocked, id=13564, stack(0x0000009bd1700000,0x0000009bd1800000)]
  0x0000022a87b83000 JavaThread "jar transforms Thread 29" [_thread_blocked, id=17876, stack(0x0000009bd1600000,0x0000009bd1700000)]
  0x0000022a87b82000 JavaThread "jar transforms Thread 28" [_thread_blocked, id=13272, stack(0x0000009bd1500000,0x0000009bd1600000)]
  0x0000022a87b7d800 JavaThread "jar transforms Thread 27" [_thread_blocked, id=14952, stack(0x0000009bd1400000,0x0000009bd1500000)]
  0x0000022a87b7f000 JavaThread "jar transforms Thread 26" [_thread_blocked, id=8608, stack(0x0000009bd1300000,0x0000009bd1400000)]
  0x0000022a87b81800 JavaThread "jar transforms Thread 25" [_thread_blocked, id=15376, stack(0x0000009bd1200000,0x0000009bd1300000)]
  0x0000022a87b7b800 JavaThread "jar transforms Thread 24" [_thread_blocked, id=16880, stack(0x0000009bd1100000,0x0000009bd1200000)]
  0x0000022a87b80800 JavaThread "jar transforms Thread 23" [_thread_blocked, id=8256, stack(0x0000009bd1000000,0x0000009bd1100000)]
  0x0000022a87b7c000 JavaThread "jar transforms Thread 22" [_thread_blocked, id=11016, stack(0x0000009bd0f00000,0x0000009bd1000000)]
  0x0000022a87b80000 JavaThread "jar transforms Thread 21" [_thread_blocked, id=18964, stack(0x0000009bd0e00000,0x0000009bd0f00000)]
  0x0000022a8a24d800 JavaThread "jar transforms Thread 20" [_thread_blocked, id=10552, stack(0x0000009bd0d00000,0x0000009bd0e00000)]
  0x0000022a8a24c000 JavaThread "jar transforms Thread 19" [_thread_blocked, id=12460, stack(0x0000009bd0c00000,0x0000009bd0d00000)]
  0x0000022a8a24a800 JavaThread "jar transforms Thread 18" [_thread_blocked, id=13924, stack(0x0000009bd0b00000,0x0000009bd0c00000)]
  0x0000022a8a249000 JavaThread "jar transforms Thread 17" [_thread_blocked, id=2868, stack(0x0000009bd0a00000,0x0000009bd0b00000)]
  0x0000022a8a24b800 JavaThread "jar transforms Thread 16" [_thread_blocked, id=17544, stack(0x0000009bd0900000,0x0000009bd0a00000)]
  0x0000022a8a248800 JavaThread "jar transforms Thread 15" [_thread_blocked, id=17892, stack(0x0000009bd0800000,0x0000009bd0900000)]
  0x0000022a8a24d000 JavaThread "jar transforms Thread 14" [_thread_blocked, id=17560, stack(0x0000009bd0700000,0x0000009bd0800000)]
  0x0000022a8a24a000 JavaThread "jar transforms Thread 13" [_thread_blocked, id=13780, stack(0x0000009bd0600000,0x0000009bd0700000)]
  0x0000022a8a241000 JavaThread "jar transforms Thread 12" [_thread_blocked, id=10076, stack(0x0000009bd0500000,0x0000009bd0600000)]
  0x0000022a8a247000 JavaThread "jar transforms Thread 11" [_thread_blocked, id=3276, stack(0x0000009bd0400000,0x0000009bd0500000)]
  0x0000022a8a247800 JavaThread "jar transforms Thread 10" [_thread_blocked, id=17236, stack(0x0000009bd0300000,0x0000009bd0400000)]
  0x0000022a8a240000 JavaThread "jar transforms Thread 9" [_thread_blocked, id=1840, stack(0x0000009bd0200000,0x0000009bd0300000)]
  0x0000022a8a242800 JavaThread "jar transforms Thread 8" [_thread_blocked, id=13952, stack(0x0000009bd0100000,0x0000009bd0200000)]
  0x0000022a8a23f800 JavaThread "jar transforms Thread 7" [_thread_blocked, id=14936, stack(0x0000009bd0000000,0x0000009bd0100000)]
  0x0000022a8a244000 JavaThread "jar transforms Thread 6" [_thread_blocked, id=15788, stack(0x0000009bcff00000,0x0000009bd0000000)]
  0x0000022a8a246000 JavaThread "jar transforms Thread 5" [_thread_blocked, id=14372, stack(0x0000009bcfe00000,0x0000009bcff00000)]
  0x0000022a8a23e800 JavaThread "jar transforms Thread 4" [_thread_blocked, id=13572, stack(0x0000009bcfd00000,0x0000009bcfe00000)]
  0x0000022a8a243000 JavaThread "jar transforms Thread 3" [_thread_blocked, id=5360, stack(0x0000009bcfc00000,0x0000009bcfd00000)]
  0x0000022a8a245800 JavaThread "jar transforms Thread 2" [_thread_blocked, id=17908, stack(0x0000009bcfb00000,0x0000009bcfc00000)]
  0x0000022a8a244800 JavaThread "Build operations Thread 12" [_thread_blocked, id=18120, stack(0x0000009bcfa00000,0x0000009bcfb00000)]
  0x0000022a8a241800 JavaThread "Build operations Thread 11" [_thread_blocked, id=19244, stack(0x0000009bcf900000,0x0000009bcfa00000)]
  0x0000022a891b0000 JavaThread "Build operations Thread 10" [_thread_blocked, id=16416, stack(0x0000009bcf800000,0x0000009bcf900000)]
  0x0000022a891af000 JavaThread "Build operations Thread 9" [_thread_blocked, id=15084, stack(0x0000009bcf700000,0x0000009bcf800000)]
  0x0000022a891ae800 JavaThread "Build operations Thread 8" [_thread_blocked, id=1756, stack(0x0000009bcf600000,0x0000009bcf700000)]
  0x0000022a891ad800 JavaThread "Build operations Thread 7" [_thread_blocked, id=1460, stack(0x0000009bcf500000,0x0000009bcf600000)]
  0x0000022a891ad000 JavaThread "Build operations Thread 6" [_thread_blocked, id=14252, stack(0x0000009bcf400000,0x0000009bcf500000)]
  0x0000022a891ab800 JavaThread "Build operations Thread 5" [_thread_blocked, id=11216, stack(0x0000009bcf300000,0x0000009bcf400000)]
  0x0000022a891ac000 JavaThread "Build operations Thread 4" [_thread_blocked, id=4720, stack(0x0000009bcf200000,0x0000009bcf300000)]
  0x0000022a891a4000 JavaThread "Build operations Thread 3" [_thread_blocked, id=2572, stack(0x0000009bcf100000,0x0000009bcf200000)]
  0x0000022a891a7000 JavaThread "Build operations Thread 2" [_thread_blocked, id=15944, stack(0x0000009bcf000000,0x0000009bcf100000)]
  0x0000022a891a6000 JavaThread "Build operations" [_thread_blocked, id=12500, stack(0x0000009bcef00000,0x0000009bcf000000)]
  0x0000022a891aa800 JavaThread "Cache worker for Build Output Cleanup Cache (D:\Documents\GitHub\trabalhoDevMobile\.gradle\buildOutputCleanup)" [_thread_blocked, id=7904, stack(0x0000009bcee00000,0x0000009bcef00000)]
  0x0000022a891a9000 JavaThread "Cache worker for file content cache (C:\Users\Lex\.gradle\caches\6.7.1\fileContent)" [_thread_blocked, id=1808, stack(0x0000009bced00000,0x0000009bcee00000)]
  0x0000022a891a0800 JavaThread "jar transforms" [_thread_blocked, id=12440, stack(0x0000009bcec00000,0x0000009bced00000)]
  0x0000022a891a3000 JavaThread "Cache worker for execution history cache (C:\Users\Lex\.gradle\caches\6.7.1\executionHistory)" [_thread_blocked, id=13000, stack(0x0000009bceb00000,0x0000009bcec00000)]
  0x0000022a891a1800 JavaThread "Cache worker for cache directory md-rule (C:\Users\Lex\.gradle\caches\6.7.1\md-rule)" [_thread_blocked, id=18916, stack(0x0000009bcea00000,0x0000009bceb00000)]
  0x0000022a891a7800 JavaThread "Cache worker for cache directory md-supplier (C:\Users\Lex\.gradle\caches\6.7.1\md-supplier)" [_thread_blocked, id=10316, stack(0x0000009bce900000,0x0000009bcea00000)]
  0x0000022a891a2800 JavaThread "Cache worker for checksums cache (D:\Documents\GitHub\trabalhoDevMobile\.gradle\checksums)" [_thread_blocked, id=18624, stack(0x0000009bce800000,0x0000009bce900000)]
  0x0000022a87064800 JavaThread "Cache worker for file hash cache (D:\Documents\GitHub\trabalhoDevMobile\.gradle\6.7.1\fileHashes)" [_thread_blocked, id=13504, stack(0x0000009bce700000,0x0000009bce800000)]
  0x0000022a87064000 JavaThread "Cache worker for journal cache (C:\Users\Lex\.gradle\caches\journal-1)" [_thread_blocked, id=16120, stack(0x0000009bce600000,0x0000009bce700000)]
  0x0000022a87066000 JavaThread "File lock request listener" [_thread_in_native, id=5700, stack(0x0000009bce500000,0x0000009bce600000)]
  0x0000022a87065800 JavaThread "Cache worker for file hash cache (C:\Users\Lex\.gradle\caches\6.7.1\fileHashes)" [_thread_blocked, id=12672, stack(0x0000009bce400000,0x0000009bce500000)]
  0x0000022a88939000 JavaThread "Thread-9" [_thread_blocked, id=17056, stack(0x0000009bce300000,0x0000009bce400000)]
  0x0000022a88938000 JavaThread "Stdin handler" [_thread_blocked, id=18976, stack(0x0000009bce200000,0x0000009bce300000)]
  0x0000022a8892e800 JavaThread "Asynchronous log dispatcher for DefaultDaemonConnection: socket connection from /127.0.0.1:62166 to /127.0.0.1:62167" [_thread_blocked, id=18752, stack(0x0000009bce100000,0x0000009bce200000)]
  0x0000022a888f5800 JavaThread "Daemon worker" [_thread_blocked, id=19264, stack(0x0000009bce000000,0x0000009bce100000)]
  0x0000022a888ef000 JavaThread "Cancel handler" [_thread_blocked, id=7496, stack(0x0000009bcdf00000,0x0000009bce000000)]
  0x0000022a88178800 JavaThread "Handler for socket connection from /127.0.0.1:62166 to /127.0.0.1:62167" [_thread_in_native, id=16324, stack(0x0000009bcde00000,0x0000009bcdf00000)]
  0x0000022a88172000 JavaThread "Daemon" [_thread_blocked, id=18096, stack(0x0000009bcdd00000,0x0000009bcde00000)]
  0x0000022a8810d800 JavaThread "Daemon periodic checks" [_thread_blocked, id=18228, stack(0x0000009bcdc00000,0x0000009bcdd00000)]
  0x0000022a880da000 JavaThread "Incoming local TCP Connector on port 62166" [_thread_in_native, id=18464, stack(0x0000009bcdb00000,0x0000009bcdc00000)]
  0x0000022a8805e000 JavaThread "Daemon health stats" [_thread_blocked, id=9336, stack(0x0000009bcd800000,0x0000009bcd900000)]
  0x0000022afffae800 JavaThread "Service Thread" daemon [_thread_blocked, id=18904, stack(0x0000009bcd600000,0x0000009bcd700000)]
  0x0000022afff89800 JavaThread "C1 CompilerThread3" daemon [_thread_blocked, id=18184, stack(0x0000009bcd500000,0x0000009bcd600000)]
  0x0000022afff85000 JavaThread "C2 CompilerThread2" daemon [_thread_in_native, id=12920, stack(0x0000009bcd400000,0x0000009bcd500000)]
  0x0000022afff77800 JavaThread "C2 CompilerThread1" daemon [_thread_in_native, id=2328, stack(0x0000009bcd300000,0x0000009bcd400000)]
=>0x0000022afff75800 JavaThread "C2 CompilerThread0" daemon [_thread_in_native, id=15012, stack(0x0000009bcd200000,0x0000009bcd300000)]
  0x0000022afff6d000 JavaThread "Attach Listener" daemon [_thread_blocked, id=17704, stack(0x0000009bcd100000,0x0000009bcd200000)]
  0x0000022afff6c000 JavaThread "Signal Dispatcher" daemon [_thread_blocked, id=18424, stack(0x0000009bcd000000,0x0000009bcd100000)]
  0x0000022afff4a800 JavaThread "Finalizer" daemon [_thread_blocked, id=13640, stack(0x0000009bccf00000,0x0000009bcd000000)]
  0x0000022afff42800 JavaThread "Reference Handler" daemon [_thread_blocked, id=1792, stack(0x0000009bcce00000,0x0000009bccf00000)]
  0x0000022aedd10000 JavaThread "main" [_thread_blocked, id=11064, stack(0x0000009bcc200000,0x0000009bcc300000)]

Other Threads:
  0x0000022afff1b800 VMThread [stack: 0x0000009bccd00000,0x0000009bcce00000] [id=9536]
  0x0000022a86462000 WatcherThread [stack: 0x0000009bcd700000,0x0000009bcd800000] [id=15748]

VM state:at safepoint (normal execution)

VM Mutex/Monitor currently owned by a thread:  ([mutex/lock_event])
[0x0000022aedd0e590] Threads_lock - owner thread: 0x0000022afff1b800
[0x0000022aedd0df90] Heap_lock - owner thread: 0x0000022a888f5800

heap address: 0x0000000080000000, size: 2048 MB, Compressed Oops mode: 32-bit
Narrow klass base: 0x0000000000000000, Narrow klass shift: 3
Compressed class space size: 1073741824 Address: 0x0000000100000000

Heap:
 PSYoungGen      total 308736K, used 10922K [0x00000000d5580000, 0x00000000e9400000, 0x0000000100000000)
  eden space 295424K, 0% used [0x00000000d5580000,0x00000000d5580000,0x00000000e7600000)
  from space 13312K, 82% used [0x00000000e8700000,0x00000000e91aa880,0x00000000e9400000)
  to   space 15360K, 0% used [0x00000000e7600000,0x00000000e7600000,0x00000000e8500000)
 ParOldGen       total 155648K, used 14079K [0x0000000080000000, 0x0000000089800000, 0x00000000d5580000)
  object space 155648K, 9% used [0x0000000080000000,0x0000000080dbff90,0x0000000089800000)
 Metaspace       used 47088K, capacity 49114K, committed 49280K, reserved 1095680K
  class space    used 6539K, capacity 6926K, committed 7040K, reserved 1048576K

Card table byte_map: [0x0000022afe9c0000,0x0000022afedd0000] byte_map_base: 0x0000022afe5c0000

Marking Bits: (ParMarkBitMap*) 0x000000006fef6ff0
 Begin Bits: [0x0000022a80000000, 0x0000022a82000000)
 End Bits:   [0x0000022a82000000, 0x0000022a84000000)

Polling page: 0x0000022aef5d0000

CodeCache: size=245760Kb used=14883Kb max_used=14883Kb free=230876Kb
 bounds [0x0000022aef600000, 0x0000022af0490000, 0x0000022afe600000]
 total_blobs=5166 nmethods=4428 adapters=651
 compilation: enabled

Compilation events (10 events):
Event: 3.153 Thread 0x0000022afff89800 4355       1       org.gradle.api.internal.collections.AbstractIterationOrderRetainingElementSource$Element::isRealized (5 bytes)
Event: 3.153 Thread 0x0000022afff89800 nmethod 4355 0x0000022af0443d90 code [0x0000022af0443ee0, 0x0000022af0443ff8]
Event: 3.154 Thread 0x0000022afff89800 4356       3       java.net.URI::defineString (289 bytes)
Event: 3.156 Thread 0x0000022afff89800 nmethod 4356 0x0000022af044c190 code [0x0000022af044c780, 0x0000022af04523b0]
Event: 3.156 Thread 0x0000022afff89800 4358   !   3       com.google.common.cache.LocalCache$Segment::lockedGetOrLoad (447 bytes)
Event: 3.158 Thread 0x0000022afff89800 nmethod 4358 0x0000022af0455290 code [0x0000022af0455880, 0x0000022af0459910]
Event: 3.158 Thread 0x0000022afff89800 4359       3       java.util.concurrent.ConcurrentHashMap::containsKey (14 bytes)
Event: 3.158 Thread 0x0000022afff89800 nmethod 4359 0x0000022af044bd90 code [0x0000022af044bf00, 0x0000022af044c0f0]
Event: 3.158 Thread 0x0000022afff89800 4357       3       org.gradle.internal.instantiation.generator.AbstractClassGenerator$ClassGenerationHandler::hasFields (1 bytes)
Event: 3.158 Thread 0x0000022afff89800 nmethod 4357 0x0000022af044ba50 code [0x0000022af044bba0, 0x0000022af044bcf8]

GC Heap History (10 events):
Event: 1.534 GC heap before
{Heap before GC invocations=5 (full 1):
 PSYoungGen      total 141824K, used 8520K [0x00000000d5580000, 0x00000000dea80000, 0x0000000100000000)
  eden space 131072K, 0% used [0x00000000d5580000,0x00000000d5580000,0x00000000dd580000)
  from space 10752K, 79% used [0x00000000de000000,0x00000000de852028,0x00000000dea80000)
  to   space 10752K, 0% used [0x00000000dd580000,0x00000000dd580000,0x00000000de000000)
 ParOldGen       total 175104K, used 799K [0x0000000080000000, 0x000000008ab00000, 0x00000000d5580000)
  object space 175104K, 0% used [0x0000000080000000,0x00000000800c7f48,0x000000008ab00000)
 Metaspace       used 20577K, capacity 21280K, committed 21296K, reserved 1067008K
  class space    used 3016K, capacity 3194K, committed 3200K, reserved 1048576K
Event: 1.555 GC heap after
Heap after GC invocations=5 (full 1):
 PSYoungGen      total 141824K, used 0K [0x00000000d5580000, 0x00000000dea80000, 0x0000000100000000)
  eden space 131072K, 0% used [0x00000000d5580000,0x00000000d5580000,0x00000000dd580000)
  from space 10752K, 0% used [0x00000000de000000,0x00000000de000000,0x00000000dea80000)
  to   space 10752K, 0% used [0x00000000dd580000,0x00000000dd580000,0x00000000de000000)
 ParOldGen       total 100864K, used 8256K [0x0000000080000000, 0x0000000086280000, 0x00000000d5580000)
  object space 100864K, 8% used [0x0000000080000000,0x00000000808103e0,0x0000000086280000)
 Metaspace       used 20577K, capacity 21280K, committed 21296K, reserved 1067008K
  class space    used 3016K, capacity 3194K, committed 3200K, reserved 1048576K
}
Event: 2.170 GC heap before
{Heap before GC invocations=6 (full 1):
 PSYoungGen      total 141824K, used 131072K [0x00000000d5580000, 0x00000000dea80000, 0x0000000100000000)
  eden space 131072K, 100% used [0x00000000d5580000,0x00000000dd580000,0x00000000dd580000)
  from space 10752K, 0% used [0x00000000de000000,0x00000000de000000,0x00000000dea80000)
  to   space 10752K, 0% used [0x00000000dd580000,0x00000000dd580000,0x00000000de000000)
 ParOldGen       total 100864K, used 8256K [0x0000000080000000, 0x0000000086280000, 0x00000000d5580000)
  object space 100864K, 8% used [0x0000000080000000,0x00000000808103e0,0x0000000086280000)
 Metaspace       used 33258K, capacity 34342K, committed 34688K, reserved 1079296K
  class space    used 4638K, capacity 4896K, committed 4992K, reserved 1048576K
Event: 2.176 GC heap after
Heap after GC invocations=6 (full 1):
 PSYoungGen      total 141824K, used 10742K [0x00000000d5580000, 0x00000000e3c80000, 0x0000000100000000)
  eden space 131072K, 0% used [0x00000000d5580000,0x00000000d5580000,0x00000000dd580000)
  from space 10752K, 99% used [0x00000000dd580000,0x00000000ddffd9f8,0x00000000de000000)
  to   space 15360K, 0% used [0x00000000e2d80000,0x00000000e2d80000,0x00000000e3c80000)
 ParOldGen       total 100864K, used 11236K [0x0000000080000000, 0x0000000086280000, 0x00000000d5580000)
  object space 100864K, 11% used [0x0000000080000000,0x0000000080af9268,0x0000000086280000)
 Metaspace       used 33258K, capacity 34342K, committed 34688K, reserved 1079296K
  class space    used 4638K, capacity 4896K, committed 4992K, reserved 1048576K
}
Event: 2.250 GC heap before
{Heap before GC invocations=7 (full 1):
 PSYoungGen      total 141824K, used 34729K [0x00000000d5580000, 0x00000000e3c80000, 0x0000000100000000)
  eden space 131072K, 18% used [0x00000000d5580000,0x00000000d6cecac0,0x00000000dd580000)
  from space 10752K, 99% used [0x00000000dd580000,0x00000000ddffd9f8,0x00000000de000000)
  to   space 15360K, 0% used [0x00000000e2d80000,0x00000000e2d80000,0x00000000e3c80000)
 ParOldGen       total 100864K, used 11236K [0x0000000080000000, 0x0000000086280000, 0x00000000d5580000)
  object space 100864K, 11% used [0x0000000080000000,0x0000000080af9268,0x0000000086280000)
 Metaspace       used 34160K, capacity 35360K, committed 35496K, reserved 1079296K
  class space    used 4779K, capacity 5041K, committed 5120K, reserved 1048576K
Event: 2.253 GC heap after
Heap after GC invocations=7 (full 1):
 PSYoungGen      total 221696K, used 7338K [0x00000000d5580000, 0x00000000e4500000, 0x0000000100000000)
  eden space 206336K, 0% used [0x00000000d5580000,0x00000000d5580000,0x00000000e1f00000)
  from space 15360K, 47% used [0x00000000e2d80000,0x00000000e34aabb8,0x00000000e3c80000)
  to   space 14848K, 0% used [0x00000000e1f00000,0x00000000e1f00000,0x00000000e2d80000)
 ParOldGen       total 100864K, used 11244K [0x0000000080000000, 0x0000000086280000, 0x00000000d5580000)
  object space 100864K, 11% used [0x0000000080000000,0x0000000080afb268,0x0000000086280000)
 Metaspace       used 34160K, capacity 35360K, committed 35496K, reserved 1079296K
  class space    used 4779K, capacity 5041K, committed 5120K, reserved 1048576K
}
Event: 2.253 GC heap before
{Heap before GC invocations=8 (full 2):
 PSYoungGen      total 221696K, used 7338K [0x00000000d5580000, 0x00000000e4500000, 0x0000000100000000)
  eden space 206336K, 0% used [0x00000000d5580000,0x00000000d5580000,0x00000000e1f00000)
  from space 15360K, 47% used [0x00000000e2d80000,0x00000000e34aabb8,0x00000000e3c80000)
  to   space 14848K, 0% used [0x00000000e1f00000,0x00000000e1f00000,0x00000000e2d80000)
 ParOldGen       total 100864K, used 11244K [0x0000000080000000, 0x0000000086280000, 0x00000000d5580000)
  object space 100864K, 11% used [0x0000000080000000,0x0000000080afb268,0x0000000086280000)
 Metaspace       used 34160K, capacity 35360K, committed 35496K, reserved 1079296K
  class space    used 4779K, capacity 5041K, committed 5120K, reserved 1048576K
Event: 2.280 GC heap after
Heap after GC invocations=8 (full 2):
 PSYoungGen      total 221696K, used 0K [0x00000000d5580000, 0x00000000e4500000, 0x0000000100000000)
  eden space 206336K, 0% used [0x00000000d5580000,0x00000000d5580000,0x00000000e1f00000)
  from space 15360K, 0% used [0x00000000e2d80000,0x00000000e2d80000,0x00000000e3c80000)
  to   space 14848K, 0% used [0x00000000e1f00000,0x00000000e1f00000,0x00000000e2d80000)
 ParOldGen       total 155648K, used 14063K [0x0000000080000000, 0x0000000089800000, 0x00000000d5580000)
  object space 155648K, 9% used [0x0000000080000000,0x0000000080dbbf90,0x0000000089800000)
 Metaspace       used 34160K, capacity 35360K, committed 35496K, reserved 1079296K
  class space    used 4779K, capacity 5041K, committed 5120K, reserved 1048576K
}
Event: 2.900 GC heap before
{Heap before GC invocations=9 (full 2):
 PSYoungGen      total 221696K, used 206336K [0x00000000d5580000, 0x00000000e4500000, 0x0000000100000000)
  eden space 206336K, 100% used [0x00000000d5580000,0x00000000e1f00000,0x00000000e1f00000)
  from space 15360K, 0% used [0x00000000e2d80000,0x00000000e2d80000,0x00000000e3c80000)
  to   space 14848K, 0% used [0x00000000e1f00000,0x00000000e1f00000,0x00000000e2d80000)
 ParOldGen       total 155648K, used 14063K [0x0000000080000000, 0x0000000089800000, 0x00000000d5580000)
  object space 155648K, 9% used [0x0000000080000000,0x0000000080dbbf90,0x0000000089800000)
 Metaspace       used 41371K, capacity 43274K, committed 43520K, reserved 1087488K
  class space    used 5748K, capacity 6131K, committed 6144K, reserved 1048576K
Event: 2.905 GC heap after
Heap after GC invocations=9 (full 2):
 PSYoungGen      total 221184K, used 11696K [0x00000000d5580000, 0x00000000e9600000, 0x0000000100000000)
  eden space 206336K, 0% used [0x00000000d5580000,0x00000000d5580000,0x00000000e1f00000)
  from space 14848K, 78% used [0x00000000e1f00000,0x00000000e2a6c338,0x00000000e2d80000)
  to   space 15360K, 0% used [0x00000000e8700000,0x00000000e8700000,0x00000000e9600000)
 ParOldGen       total 155648K, used 14071K [0x0000000080000000, 0x0000000089800000, 0x00000000d5580000)
  object space 155648K, 9% used [0x0000000080000000,0x0000000080dbdf90,0x0000000089800000)
 Metaspace       used 41371K, capacity 43274K, committed 43520K, reserved 1087488K
  class space    used 5748K, capacity 6131K, committed 6144K, reserved 1048576K
}

Deoptimization events (10 events):
Event: 2.768 Thread 0x0000022a888f5800 Uncommon trap: reason=bimorphic action=maybe_recompile pc=0x0000022aefc47508 method=com.google.common.base.CharMatcher.indexIn(Ljava/lang/CharSequence;I)I @ 31
Event: 2.769 Thread 0x0000022a888f5800 Uncommon trap: reason=bimorphic action=maybe_recompile pc=0x0000022aefc47508 method=com.google.common.base.CharMatcher.indexIn(Ljava/lang/CharSequence;I)I @ 31
Event: 2.775 Thread 0x0000022a888f5800 Uncommon trap: reason=unstable_if action=reinterpret pc=0x0000022aef8e0014 method=java.util.jar.Manifest$FastInputStream.readLine([BII)I @ 87
Event: 2.775 Thread 0x0000022a888f5800 Uncommon trap: reason=bimorphic action=maybe_recompile pc=0x0000022aefc7a700 method=java.lang.ClassLoader.getPackage(Ljava/lang/String;)Ljava/lang/Package; @ 47
Event: 2.775 Thread 0x0000022a888f5800 Uncommon trap: reason=bimorphic action=maybe_recompile pc=0x0000022aefc7a700 method=java.lang.ClassLoader.getPackage(Ljava/lang/String;)Ljava/lang/Package; @ 47
Event: 2.775 Thread 0x0000022a888f5800 Uncommon trap: reason=bimorphic action=maybe_recompile pc=0x0000022aefc7a700 method=java.lang.ClassLoader.getPackage(Ljava/lang/String;)Ljava/lang/Package; @ 47
Event: 2.775 Thread 0x0000022a888f5800 Uncommon trap: reason=bimorphic action=maybe_recompile pc=0x0000022aefc7a700 method=java.lang.ClassLoader.getPackage(Ljava/lang/String;)Ljava/lang/Package; @ 47
Event: 2.831 Thread 0x0000022a888f5800 Uncommon trap: reason=unstable_if action=reinterpret pc=0x0000022aefdc87e8 method=java.io.BufferedInputStream.read([BII)I @ 56
Event: 2.838 Thread 0x0000022a888f5800 Uncommon trap: reason=unstable_if action=reinterpret pc=0x0000022aeff65480 method=org.objectweb.asm.ByteVector.putUTF8(Ljava/lang/String;)Lorg/objectweb/asm/ByteVector; @ 93
Event: 2.849 Thread 0x0000022a888f5800 Uncommon trap: reason=unstable_if action=reinterpret pc=0x0000022aefcd82d0 method=org.objectweb.asm.ByteVector.putUTF8(Ljava/lang/String;)Lorg/objectweb/asm/ByteVector; @ 93

Classes redefined (0 events):
No events

Internal exceptions (10 events):
Event: 2.756 Thread 0x0000022a88939000 Exception <a 'java/lang/NoSuchMethodError': <clinit>> (0x00000000da154f60) thrown at [C:\jenkins\workspace\8-2-build-windows-amd64-cygwin\jdk8u281\880\hotspot\src\share\vm\prims\jni.cpp, line 1615]
Event: 2.757 Thread 0x0000022a88939000 Exception <a 'java/lang/NoSuchMethodError': <clinit>> (0x00000000da15f1b0) thrown at [C:\jenkins\workspace\8-2-build-windows-amd64-cygwin\jdk8u281\880\hotspot\src\share\vm\prims\jni.cpp, line 1615]
Event: 2.757 Thread 0x0000022a88939000 Exception <a 'java/lang/NoSuchMethodError': <clinit>> (0x00000000da16a0e8) thrown at [C:\jenkins\workspace\8-2-build-windows-amd64-cygwin\jdk8u281\880\hotspot\src\share\vm\prims\jni.cpp, line 1615]
Event: 2.758 Thread 0x0000022a88939000 Exception <a 'java/lang/NoSuchMethodError': <clinit>> (0x00000000da17d640) thrown at [C:\jenkins\workspace\8-2-build-windows-amd64-cygwin\jdk8u281\880\hotspot\src\share\vm\prims\jni.cpp, line 1615]
Event: 2.764 Thread 0x0000022a888f5800 Exception <a 'java/lang/ClassNotFoundException': build_19vlbh988xxxdugceddai2xf2BeanInfo> (0x00000000e0540c88) thrown at [C:\jenkins\workspace\8-2-build-windows-amd64-cygwin\jdk8u281\880\hotspot\src\share\vm\classfile\systemDictionary.cpp, line 212]
Event: 2.764 Thread 0x0000022a888f5800 Exception <a 'java/lang/ClassNotFoundException': build_19vlbh988xxxdugceddai2xf2Customizer> (0x00000000e054d498) thrown at [C:\jenkins\workspace\8-2-build-windows-amd64-cygwin\jdk8u281\880\hotspot\src\share\vm\classfile\systemDictionary.cpp, line 212]
Event: 2.768 Thread 0x0000022a888f5800 Exception <a 'java/lang/ClassNotFoundException': org/gradle/plugin/use/internal/PluginRequestCollector$PluginDependenciesSpecImplBeanInfo> (0x00000000e05f3d98) thrown at [C:\jenkins\workspace\8-2-build-windows-amd64-cygwin\jdk8u281\880\hotspot\src\share\v
Event: 2.768 Thread 0x0000022a888f5800 Exception <a 'java/lang/ClassNotFoundException': org/gradle/plugin/use/internal/PluginRequestCollector$PluginDependenciesSpecImplCustomizer> (0x00000000e0637698) thrown at [C:\jenkins\workspace\8-2-build-windows-amd64-cygwin\jdk8u281\880\hotspot\src\share
Event: 2.784 Thread 0x0000022a888f5800 Exception <a 'java/lang/ClassNotFoundException': org/gradle/api/internal/plugins/DefaultObjectConfigurationActionBeanInfo> (0x00000000e095d3e0) thrown at [C:\jenkins\workspace\8-2-build-windows-amd64-cygwin\jdk8u281\880\hotspot\src\share\vm\classfile\syst
Event: 2.784 Thread 0x0000022a888f5800 Exception <a 'java/lang/ClassNotFoundException': org/gradle/api/internal/plugins/DefaultObjectConfigurationActionCustomizer> (0x00000000e09a5bd0) thrown at [C:\jenkins\workspace\8-2-build-windows-amd64-cygwin\jdk8u281\880\hotspot\src\share\vm\classfile\sy

Events (10 events):
Event: 3.157 loading class org/gradle/api/internal/plugins/AbstractRule
Event: 3.157 loading class org/gradle/api/internal/plugins/AbstractRule done
Event: 3.158 loading class org/gradle/api/internal/plugins/UploadRule
Event: 3.158 loading class org/gradle/api/internal/plugins/UploadRule done
Event: 3.158 loading class org/gradle/api/internal/project/ProjectInternal
Event: 3.158 loading class org/gradle/api/internal/project/ProjectInternal done
Event: 3.158 loading class org/gradle/api/internal/project/ProjectInternal
Event: 3.158 loading class org/gradle/api/internal/project/ProjectInternal done
Event: 3.158 loading class org/gradle/api/plugins/BasePlugin
Event: 3.158 loading class org/gradle/api/plugins/BasePlugin done


Dynamic libraries:
0x00007ff765500000 - 0x00007ff765547000 	C:\Program Files\Java\jdk1.8.0_281\bin\java.exe
0x00007ffc14070000 - 0x00007ffc14265000 	C:\WINDOWS\SYSTEM32\ntdll.dll
0x00007ffbe50f0000 - 0x00007ffbe5105000 	C:\Program Files\Avast Software\Avast\aswhook.dll
0x00007ffc12220000 - 0x00007ffc122de000 	C:\WINDOWS\System32\KERNEL32.DLL
0x00007ffc11c70000 - 0x00007ffc11f39000 	C:\WINDOWS\System32\KERNELBASE.dll
0x00007ffc13ed0000 - 0x00007ffc13f7c000 	C:\WINDOWS\System32\ADVAPI32.dll
0x00007ffc128e0000 - 0x00007ffc1297e000 	C:\WINDOWS\System32\msvcrt.dll
0x00007ffc13ad0000 - 0x00007ffc13b6b000 	C:\WINDOWS\System32\sechost.dll
0x00007ffc12550000 - 0x00007ffc1267a000 	C:\WINDOWS\System32\RPCRT4.dll
0x00007ffc12cc0000 - 0x00007ffc12e61000 	C:\WINDOWS\System32\USER32.dll
0x00007ffc11c40000 - 0x00007ffc11c62000 	C:\WINDOWS\System32\win32u.dll
0x00007ffc12e70000 - 0x00007ffc12e9b000 	C:\WINDOWS\System32\GDI32.dll
0x00007ffc11a80000 - 0x00007ffc11b8b000 	C:\WINDOWS\System32\gdi32full.dll
0x00007ffc119e0000 - 0x00007ffc11a7d000 	C:\WINDOWS\System32\msvcp_win.dll
0x00007ffc11f70000 - 0x00007ffc12070000 	C:\WINDOWS\System32\ucrtbase.dll
0x00007ffc03de0000 - 0x00007ffc0407a000 	C:\WINDOWS\WinSxS\amd64_microsoft.windows.common-controls_6595b64144ccf1df_6.0.19041.1110_none_60b5254171f9507e\COMCTL32.dll
0x00007ffc12180000 - 0x00007ffc121b0000 	C:\WINDOWS\System32\IMM32.DLL
0x00007ffc08d00000 - 0x00007ffc08d15000 	C:\Program Files\Java\jdk1.8.0_281\jre\bin\vcruntime140.dll
0x00007ffc009e0000 - 0x00007ffc00a7b000 	C:\Program Files\Java\jdk1.8.0_281\jre\bin\msvcp140.dll
0x000000006f710000 - 0x000000006ff6f000 	C:\Program Files\Java\jdk1.8.0_281\jre\bin\server\jvm.dll
0x00007ffc12540000 - 0x00007ffc12548000 	C:\WINDOWS\System32\PSAPI.DLL
0x00007ffc03bc0000 - 0x00007ffc03bc9000 	C:\WINDOWS\SYSTEM32\WSOCK32.dll
0x00007ffc121b0000 - 0x00007ffc1221b000 	C:\WINDOWS\System32\WS2_32.dll
0x00007ffc04ce0000 - 0x00007ffc04d07000 	C:\WINDOWS\SYSTEM32\WINMM.dll
0x00007ffc0b680000 - 0x00007ffc0b68a000 	C:\WINDOWS\SYSTEM32\VERSION.dll
0x00007ffc0f6b0000 - 0x00007ffc0f6c2000 	C:\WINDOWS\SYSTEM32\kernel.appcore.dll
0x00007ffc08ca0000 - 0x00007ffc08cb0000 	C:\Program Files\Java\jdk1.8.0_281\jre\bin\verify.dll
0x00007ffc03af0000 - 0x00007ffc03b1b000 	C:\Program Files\Java\jdk1.8.0_281\jre\bin\java.dll
0x00007ffc03a50000 - 0x00007ffc03a68000 	C:\Program Files\Java\jdk1.8.0_281\jre\bin\zip.dll
0x00007ffc13330000 - 0x00007ffc13a6f000 	C:\WINDOWS\System32\SHELL32.dll
0x00007ffc0f8b0000 - 0x00007ffc10040000 	C:\WINDOWS\SYSTEM32\windows.storage.dll
0x00007ffc13b70000 - 0x00007ffc13ec5000 	C:\WINDOWS\System32\combase.dll
0x00007ffc111e0000 - 0x00007ffc1120c000 	C:\WINDOWS\SYSTEM32\Wldp.dll
0x00007ffc13f80000 - 0x00007ffc1402e000 	C:\WINDOWS\System32\SHCORE.dll
0x00007ffc120c0000 - 0x00007ffc12115000 	C:\WINDOWS\System32\shlwapi.dll
0x00007ffc116d0000 - 0x00007ffc116ef000 	C:\WINDOWS\SYSTEM32\profapi.dll
0x00007ffbf2170000 - 0x00007ffbf218c000 	C:\Program Files\Java\jdk1.8.0_281\jre\bin\net.dll
0x00007ffc10ed0000 - 0x00007ffc10f3a000 	C:\WINDOWS\system32\mswsock.dll
0x00007ffbf1e70000 - 0x00007ffbf1e83000 	C:\Program Files\Java\jdk1.8.0_281\jre\bin\nio.dll
0x00007ffbed2d0000 - 0x00007ffbed2f7000 	C:\Users\Lex\.gradle\native\fdc75f09e3144964f2cf3f50f0aa648679c211496f362492102eb8c894070792\windows-amd64\native-platform.dll
0x00007ffbc8c20000 - 0x00007ffbc8db6000 	C:\Users\Lex\.gradle\native\12488b8bf47d2d4c9fbf2f6322a914ad602e24e48041cd04a747c6da556b65c4\windows-amd64\native-platform-file-events.dll
0x00007ffc08c90000 - 0x00007ffc08c9d000 	C:\Program Files\Java\jdk1.8.0_281\jre\bin\management.dll
0x00007ffc11130000 - 0x00007ffc11148000 	C:\WINDOWS\SYSTEM32\CRYPTSP.dll
0x00007ffc107f0000 - 0x00007ffc10824000 	C:\WINDOWS\system32\rsaenh.dll
0x00007ffc11f40000 - 0x00007ffc11f67000 	C:\WINDOWS\System32\bcrypt.dll
0x00007ffc11690000 - 0x00007ffc116be000 	C:\WINDOWS\SYSTEM32\USERENV.dll
0x00007ffc11950000 - 0x00007ffc119d3000 	C:\WINDOWS\System32\bcryptprimitives.dll
0x00007ffc11150000 - 0x00007ffc1115c000 	C:\WINDOWS\SYSTEM32\CRYPTBASE.dll
0x00007ffc10b60000 - 0x00007ffc10b9b000 	C:\WINDOWS\SYSTEM32\IPHLPAPI.DLL
0x00007ffc12700000 - 0x00007ffc12708000 	C:\WINDOWS\System32\NSI.dll
0x00007ffc0b5b0000 - 0x00007ffc0b5c7000 	C:\WINDOWS\SYSTEM32\dhcpcsvc6.DLL
0x00007ffc0b7b0000 - 0x00007ffc0b7cd000 	C:\WINDOWS\SYSTEM32\dhcpcsvc.DLL
0x00007ffc10c10000 - 0x00007ffc10cdc000 	C:\WINDOWS\SYSTEM32\DNSAPI.dll
0x00007ffc0be30000 - 0x00007ffc0be3b000 	C:\WINDOWS\SYSTEM32\WINNSI.DLL
0x00007ffc0a6e0000 - 0x00007ffc0a8c4000 	C:\WINDOWS\SYSTEM32\dbghelp.dll

VM Arguments:
jvm_args: -Xmx2048m -Dfile.encoding=UTF-8 -Duser.country=BR -Duser.language=pt -Duser.variant 
java_command: org.gradle.launcher.daemon.bootstrap.GradleDaemon 6.7.1
java_class_path (initial): C:\Users\Lex\.gradle\wrapper\dists\gradle-6.7.1-bin\bwlcbys1h7rz3272sye1xwiv6\gradle-6.7.1\lib\gradle-launcher-6.7.1.jar
Launcher Type: SUN_STANDARD

Environment Variables:
JAVA_HOME=C:\Program Files\Java\jdk-15.0.2\
PATH=C:\Program Files\Java\jdk1.8.0_281\bin;C:\Program Files\Common Files\Oracle\Java\javapath;C:\Program Files (x86)\Common Files\Oracle\Java\javapath;C:\Windows\system32;C:\Windows;C:\Windows\System32\Wbem;C:\Windows\System32\WindowsPowerShell\v1.0\;C:\Windows\System32\OpenSSH\;C:\Program Files (x86)\NVIDIA Corporation\PhysX\Common;C:\Program Files\NVIDIA Corporation\NVIDIA NvDLISR;C:\WINDOWS\system32;C:\WINDOWS;C:\WINDOWS\System32\Wbem;C:\WINDOWS\System32\WindowsPowerShell\v1.0\;C:\WINDOWS\System32\OpenSSH\;C:\Program Files\Git\cmd;D:\apache-maven-3.6.3\bin;C:\Users\Lex\AppData\Local\Programs\Python\Python39\Scripts;D:\Calibre2\;C:\Program Files\erl-24.0.1\bin;C:\Program Files\MySQL\MySQL Shell 8.0\bin\;C:\Users\Lex\AppData\Local\Microsoft\WindowsApps;D:\Microsoft VS Code\bin;D:\IntelliJ IDEA Community Edition 2021.2\bin;;C:\Users\Lex\AppData\Local\GitHubDesktop\bin
USERNAME=Lex
OS=Windows_NT
PROCESSOR_IDENTIFIER=AMD64 Family 23 Model 113 Stepping 0, AuthenticAMD



---------------  S Y S T E M  ---------------

OS: Windows 10.0 , 64 bit Build 19041 (10.0.19041.1202)

CPU:total 12 (initial active 12) (12 cores per cpu, 1 threads per core) family 23 model 113 stepping 0, cmov, cx8, fxsr, mmx, sse, sse2, sse3, ssse3, sse4.1, sse4.2, popcnt, avx, avx2, aes, clmul, mmxext, 3dnowpref, lzcnt, sse4a, tsc, tscinvbit, tscinv, bmi1

Memory: 4k page, physical 16726952k(2753536k free), swap 20618152k(7232k free)

vm_info: Java HotSpot(TM) 64-Bit Server VM (25.281-b09) for windows-amd64 JRE (1.8.0_281-b09), built on Dec  9 2020 13:54:07 by "" with MS VC++ 15.9 (VS2017)

time: Sat Sep 25 16:06:52 2021
timezone: Hora oficial do Brasil
elapsed time: 3.257677 seconds (0d 0h 0m 3s)

